NULL
[1] "isofox_gene_set_cyt"
[1] "isofox_gene_set_t_cell_gep_6"
[1] "isofox_gene_set_t_cell_gep_10"
[1] "isofox_gene_set_t_cell_gep_18"
[1] "isofox_gene_set_prolif"
[1] "isofox_gene_set_tim3"
[1] "isofox_gene_set_t_cell_effector"
[1] "isofox_gene_set_myeloid_inflammation"
[1] "isofox_gene_set_stroma_emt_shortened"
[1] "isofox_gene_set_Pan_TBRS"
[1] "isofox_gene_set_impres"
[1] "isofox_gene_set_12_chemokine"
[1] "isofox_gene_set_immune_checkpoint_genes"
[1] "isofox_gene_set_cd8_t_effector"
[1] "isofox_gene_set_infiltrate"
[1] "isofox_gene_set_t_cell_rand1"
[1] "isofox_gene_set_prolif_rand1"
[1] "isofox_gene_set_tgfb_rand1"
[1] "isofox_gene_set_mariathan_CD_8_T_effector"
[1] "isofox_gene_set_mariathan_DDR"
[1] "isofox_gene_set_mariathan_APM"
[1] "isofox_gene_set_mariathan_Immune_Checkpoint"
[1] "isofox_gene_set_mariathan_CC_Reg"
[1] "isofox_gene_set_mariathan_Fanconi"
[1] "isofox_gene_set_mariathan_gene19"
[1] "isofox_gene_set_mariathan_tcga"
[1] "isofox_gene_set_mariathan_EMT1"
[1] "isofox_gene_set_mariathan_EMT2"
[1] "isofox_gene_set_mariathan_EMT3"
[1] "isofox_gene_set_mariathan_WNT_target"
[1] "isofox_gene_set_mariathan_FGFR3_related"
[1] "isofox_gene_set_mariathan_Cell_cycle"
[1] "isofox_gene_set_mariathan_Mismatch_Repair"
[1] "isofox_gene_set_mariathan_Homologous_recombination"
[1] "isofox_gene_set_mariathan_Nucleotide_excision_repair"
[1] "isofox_gene_set_mariathan_DNA_replication"
[1] "isofox_gene_set_mariathan_Base_excision_repair"
[1] "isofox_gene_set_battle_tgfb_mf_Spp1"
[1] "isofox_gene_set_battle_tgfb_mf_C1Q"
[1] "isofox_gene_set_battle_tgfb_caf_spp1"
[1] "isofox_gene_set_battle_tgfb_caf_Pdgfra"
[1] "isofox_gene_set_battle_tgfb_caf_Lrrc15_Fibroblasts"
[1] "isofox_gene_set_battle_tcell_gzmk_cd8"
[1] "isofox_gene_set_battle_tcell_effector_cd8"
[1] "isofox_gene_set_battle_tcell_term_diff_cd8"
[1] "isofox_gene_set_F_TBRS"
[1] "isofox_gene_set_Colostage"
[1] "isofox_gene_set_Colostage_Plus"
[1] "isofox_gene_set_Colostage_one"
[1] "isofox_gene_set_vhio_tgfb"
[1] "isofox_gene_set_vhio_prolif"
[1] "isofox_gene_set_vhio_tcell"
[1] "isofox_gene_set_KEGG_N_GLYCAN_BIOSYNTHESIS"
[1] "isofox_gene_set_KEGG_OTHER_GLYCAN_DEGRADATION"
[1] "isofox_gene_set_KEGG_O_GLYCAN_BIOSYNTHESIS"
[1] "isofox_gene_set_KEGG_GLYCOSAMINOGLYCAN_DEGRADATION"
[1] "isofox_gene_set_KEGG_GLYCOSAMINOGLYCAN_BIOSYNTHESIS_KERATAN_SULFATE"
[1] "isofox_gene_set_KEGG_GLYCEROLIPID_METABOLISM"
[1] "isofox_gene_set_KEGG_GLYCOSYLPHOSPHATIDYLINOSITOL_GPI_ANCHOR_BIOSYNTHESIS"
[1] "isofox_gene_set_KEGG_GLYCEROPHOSPHOLIPID_METABOLISM"
[1] "isofox_gene_set_KEGG_ETHER_LIPID_METABOLISM"
[1] "isofox_gene_set_KEGG_ARACHIDONIC_ACID_METABOLISM"
[1] "isofox_gene_set_KEGG_LINOLEIC_ACID_METABOLISM"
[1] "isofox_gene_set_KEGG_ALPHA_LINOLENIC_ACID_METABOLISM"
[1] "isofox_gene_set_KEGG_SPHINGOLIPID_METABOLISM"
[1] "isofox_gene_set_KEGG_GLYCOSPHINGOLIPID_BIOSYNTHESIS_LACTO_AND_NEOLACTO_SERIES"
[1] "isofox_gene_set_KEGG_GLYCOSPHINGOLIPID_BIOSYNTHESIS_GLOBO_SERIES"
[1] "isofox_gene_set_KEGG_GLYCOSPHINGOLIPID_BIOSYNTHESIS_GANGLIO_SERIES"
[1] "isofox_gene_set_KEGG_RIBOFLAVIN_METABOLISM"
[1] "isofox_gene_set_KEGG_NICOTINATE_AND_NICOTINAMIDE_METABOLISM"
[1] "isofox_gene_set_KEGG_PANTOTHENATE_AND_COA_BIOSYNTHESIS"
[1] "isofox_gene_set_KEGG_AMINOACYL_TRNA_BIOSYNTHESIS"
[1] "isofox_gene_set_KEGG_BASAL_TRANSCRIPTION_FACTORS"
[1] "isofox_gene_set_KEGG_NON_HOMOLOGOUS_END_JOINING"
[1] "isofox_gene_set_KEGG_SNARE_INTERACTIONS_IN_VESICULAR_TRANSPORT"
[1] "isofox_gene_set_KEGG_LYSOSOME"
[1] "isofox_gene_set_KEGG_CARDIAC_MUSCLE_CONTRACTION"
[1] "isofox_gene_set_KEGG_RENIN_ANGIOTENSIN_SYSTEM"
[1] "isofox_gene_set_KEGG_CIRCADIAN_RHYTHM_MAMMAL"
[1] "isofox_gene_set_KEGG_TASTE_TRANSDUCTION"
[1] "isofox_gene_set_KEGG_PROXIMAL_TUBULE_BICARBONATE_RECLAMATION"
[1] "isofox_gene_set_KEGG_PATHOGENIC_ESCHERICHIA_COLI_INFECTION"
[1] "isofox_gene_set_KEGG_SYSTEMIC_LUPUS_ERYTHEMATOSUS"
[1] "isofox_gene_set_KEGG_PRIMARY_IMMUNODEFICIENCY"
[1] "isofox_gene_set_KEGG_HYPERTROPHIC_CARDIOMYOPATHY_HCM"
[1] "isofox_gene_set_KEGG_ARRHYTHMOGENIC_RIGHT_VENTRICULAR_CARDIOMYOPATHY_ARVC"
[1] "isofox_gene_set_KEGG_DILATED_CARDIOMYOPATHY"
[1] "isofox_gene_set_KEGG_GLYCOLYSIS_GLUCONEOGENESIS"
[1] "isofox_gene_set_KEGG_CITRATE_CYCLE_TCA_CYCLE"
[1] "isofox_gene_set_KEGG_PENTOSE_PHOSPHATE_PATHWAY"
[1] "isofox_gene_set_KEGG_PENTOSE_AND_GLUCURONATE_INTERCONVERSIONS"
[1] "isofox_gene_set_KEGG_FRUCTOSE_AND_MANNOSE_METABOLISM"
[1] "isofox_gene_set_KEGG_GALACTOSE_METABOLISM"
[1] "isofox_gene_set_KEGG_ASCORBATE_AND_ALDARATE_METABOLISM"
[1] "isofox_gene_set_KEGG_FATTY_ACID_METABOLISM"
[1] "isofox_gene_set_KEGG_STEROID_BIOSYNTHESIS"
[1] "isofox_gene_set_KEGG_PRIMARY_BILE_ACID_BIOSYNTHESIS"
[1] "isofox_gene_set_KEGG_STEROID_HORMONE_BIOSYNTHESIS"
[1] "isofox_gene_set_KEGG_OXIDATIVE_PHOSPHORYLATION"
[1] "isofox_gene_set_KEGG_PURINE_METABOLISM"
[1] "isofox_gene_set_KEGG_PYRIMIDINE_METABOLISM"
[1] "isofox_gene_set_KEGG_ALANINE_ASPARTATE_AND_GLUTAMATE_METABOLISM"
[1] "isofox_gene_set_KEGG_GLYCINE_SERINE_AND_THREONINE_METABOLISM"
[1] "isofox_gene_set_KEGG_CYSTEINE_AND_METHIONINE_METABOLISM"
[1] "isofox_gene_set_KEGG_VALINE_LEUCINE_AND_ISOLEUCINE_DEGRADATION"
[1] "isofox_gene_set_KEGG_VALINE_LEUCINE_AND_ISOLEUCINE_BIOSYNTHESIS"
[1] "isofox_gene_set_KEGG_LYSINE_DEGRADATION"
[1] "isofox_gene_set_KEGG_ARGININE_AND_PROLINE_METABOLISM"
[1] "isofox_gene_set_KEGG_HISTIDINE_METABOLISM"
[1] "isofox_gene_set_KEGG_TYROSINE_METABOLISM"
[1] "isofox_gene_set_KEGG_PHENYLALANINE_METABOLISM"
[1] "isofox_gene_set_KEGG_TRYPTOPHAN_METABOLISM"
[1] "isofox_gene_set_KEGG_BETA_ALANINE_METABOLISM"
[1] "isofox_gene_set_KEGG_TAURINE_AND_HYPOTAURINE_METABOLISM"
[1] "isofox_gene_set_KEGG_SELENOAMINO_ACID_METABOLISM"
[1] "isofox_gene_set_KEGG_GLUTATHIONE_METABOLISM"
[1] "isofox_gene_set_KEGG_STARCH_AND_SUCROSE_METABOLISM"
[1] "isofox_gene_set_KEGG_AMINO_SUGAR_AND_NUCLEOTIDE_SUGAR_METABOLISM"
[1] "isofox_gene_set_KEGG_GLYCOSAMINOGLYCAN_BIOSYNTHESIS_CHONDROITIN_SULFATE"
[1] "isofox_gene_set_KEGG_GLYCOSAMINOGLYCAN_BIOSYNTHESIS_HEPARAN_SULFATE"
[1] "isofox_gene_set_KEGG_INOSITOL_PHOSPHATE_METABOLISM"
[1] "isofox_gene_set_KEGG_PYRUVATE_METABOLISM"
[1] "isofox_gene_set_KEGG_GLYOXYLATE_AND_DICARBOXYLATE_METABOLISM"
[1] "isofox_gene_set_KEGG_PROPANOATE_METABOLISM"
[1] "isofox_gene_set_KEGG_BUTANOATE_METABOLISM"
[1] "isofox_gene_set_KEGG_ONE_CARBON_POOL_BY_FOLATE"
[1] "isofox_gene_set_KEGG_FOLATE_BIOSYNTHESIS"
[1] "isofox_gene_set_KEGG_RETINOL_METABOLISM"
[1] "isofox_gene_set_KEGG_PORPHYRIN_AND_CHLOROPHYLL_METABOLISM"
[1] "isofox_gene_set_KEGG_TERPENOID_BACKBONE_BIOSYNTHESIS"
[1] "isofox_gene_set_KEGG_LIMONENE_AND_PINENE_DEGRADATION"
[1] "isofox_gene_set_KEGG_NITROGEN_METABOLISM"
[1] "isofox_gene_set_KEGG_SULFUR_METABOLISM"
[1] "isofox_gene_set_KEGG_METABOLISM_OF_XENOBIOTICS_BY_CYTOCHROME_P450"
[1] "isofox_gene_set_KEGG_DRUG_METABOLISM_CYTOCHROME_P450"
[1] "isofox_gene_set_KEGG_DRUG_METABOLISM_OTHER_ENZYMES"
[1] "isofox_gene_set_KEGG_BIOSYNTHESIS_OF_UNSATURATED_FATTY_ACIDS"
[1] "isofox_gene_set_KEGG_ABC_TRANSPORTERS"
[1] "isofox_gene_set_KEGG_RIBOSOME"
[1] "isofox_gene_set_KEGG_RNA_DEGRADATION"
[1] "isofox_gene_set_KEGG_RNA_POLYMERASE"
[1] "isofox_gene_set_KEGG_DNA_REPLICATION"
[1] "isofox_gene_set_KEGG_SPLICEOSOME"
[1] "isofox_gene_set_KEGG_PROTEASOME"
[1] "isofox_gene_set_KEGG_PROTEIN_EXPORT"
[1] "isofox_gene_set_KEGG_PPAR_SIGNALING_PATHWAY"
[1] "isofox_gene_set_KEGG_BASE_EXCISION_REPAIR"
[1] "isofox_gene_set_KEGG_NUCLEOTIDE_EXCISION_REPAIR"
[1] "isofox_gene_set_KEGG_MISMATCH_REPAIR"
[1] "isofox_gene_set_KEGG_HOMOLOGOUS_RECOMBINATION"
[1] "isofox_gene_set_KEGG_MAPK_SIGNALING_PATHWAY"
[1] "isofox_gene_set_KEGG_ERBB_SIGNALING_PATHWAY"
[1] "isofox_gene_set_KEGG_CALCIUM_SIGNALING_PATHWAY"
[1] "isofox_gene_set_KEGG_CYTOKINE_CYTOKINE_RECEPTOR_INTERACTION"
[1] "isofox_gene_set_KEGG_CHEMOKINE_SIGNALING_PATHWAY"
[1] "isofox_gene_set_KEGG_PHOSPHATIDYLINOSITOL_SIGNALING_SYSTEM"
[1] "isofox_gene_set_KEGG_NEUROACTIVE_LIGAND_RECEPTOR_INTERACTION"
[1] "isofox_gene_set_KEGG_CELL_CYCLE"
[1] "isofox_gene_set_KEGG_OOCYTE_MEIOSIS"
[1] "isofox_gene_set_KEGG_P53_SIGNALING_PATHWAY"
[1] "isofox_gene_set_KEGG_UBIQUITIN_MEDIATED_PROTEOLYSIS"
[1] "isofox_gene_set_KEGG_REGULATION_OF_AUTOPHAGY"
[1] "isofox_gene_set_KEGG_ENDOCYTOSIS"
[1] "isofox_gene_set_KEGG_PEROXISOME"
[1] "isofox_gene_set_KEGG_MTOR_SIGNALING_PATHWAY"
[1] "isofox_gene_set_KEGG_APOPTOSIS"
[1] "isofox_gene_set_KEGG_VASCULAR_SMOOTH_MUSCLE_CONTRACTION"
[1] "isofox_gene_set_KEGG_WNT_SIGNALING_PATHWAY"
[1] "isofox_gene_set_KEGG_DORSO_VENTRAL_AXIS_FORMATION"
[1] "isofox_gene_set_KEGG_NOTCH_SIGNALING_PATHWAY"
[1] "isofox_gene_set_KEGG_HEDGEHOG_SIGNALING_PATHWAY"
[1] "isofox_gene_set_KEGG_TGF_BETA_SIGNALING_PATHWAY"
[1] "isofox_gene_set_KEGG_AXON_GUIDANCE"
[1] "isofox_gene_set_KEGG_VEGF_SIGNALING_PATHWAY"
[1] "isofox_gene_set_KEGG_FOCAL_ADHESION"
[1] "isofox_gene_set_KEGG_ECM_RECEPTOR_INTERACTION"
[1] "isofox_gene_set_KEGG_CELL_ADHESION_MOLECULES_CAMS"
[1] "isofox_gene_set_KEGG_ADHERENS_JUNCTION"
[1] "isofox_gene_set_KEGG_TIGHT_JUNCTION"
[1] "isofox_gene_set_KEGG_GAP_JUNCTION"
[1] "isofox_gene_set_KEGG_COMPLEMENT_AND_COAGULATION_CASCADES"
[1] "isofox_gene_set_KEGG_ANTIGEN_PROCESSING_AND_PRESENTATION"
[1] "isofox_gene_set_KEGG_TOLL_LIKE_RECEPTOR_SIGNALING_PATHWAY"
[1] "isofox_gene_set_KEGG_NOD_LIKE_RECEPTOR_SIGNALING_PATHWAY"
[1] "isofox_gene_set_KEGG_RIG_I_LIKE_RECEPTOR_SIGNALING_PATHWAY"
[1] "isofox_gene_set_KEGG_CYTOSOLIC_DNA_SENSING_PATHWAY"
[1] "isofox_gene_set_KEGG_JAK_STAT_SIGNALING_PATHWAY"
[1] "isofox_gene_set_KEGG_HEMATOPOIETIC_CELL_LINEAGE"
[1] "isofox_gene_set_KEGG_NATURAL_KILLER_CELL_MEDIATED_CYTOTOXICITY"
[1] "isofox_gene_set_KEGG_T_CELL_RECEPTOR_SIGNALING_PATHWAY"
[1] "isofox_gene_set_KEGG_B_CELL_RECEPTOR_SIGNALING_PATHWAY"
[1] "isofox_gene_set_KEGG_FC_EPSILON_RI_SIGNALING_PATHWAY"
[1] "isofox_gene_set_KEGG_FC_GAMMA_R_MEDIATED_PHAGOCYTOSIS"
[1] "isofox_gene_set_KEGG_LEUKOCYTE_TRANSENDOTHELIAL_MIGRATION"
[1] "isofox_gene_set_KEGG_INTESTINAL_IMMUNE_NETWORK_FOR_IGA_PRODUCTION"
[1] "isofox_gene_set_KEGG_LONG_TERM_POTENTIATION"
[1] "isofox_gene_set_KEGG_NEUROTROPHIN_SIGNALING_PATHWAY"
[1] "isofox_gene_set_KEGG_LONG_TERM_DEPRESSION"
[1] "isofox_gene_set_KEGG_OLFACTORY_TRANSDUCTION"
[1] "isofox_gene_set_KEGG_REGULATION_OF_ACTIN_CYTOSKELETON"
[1] "isofox_gene_set_KEGG_INSULIN_SIGNALING_PATHWAY"
[1] "isofox_gene_set_KEGG_GNRH_SIGNALING_PATHWAY"
[1] "isofox_gene_set_KEGG_PROGESTERONE_MEDIATED_OOCYTE_MATURATION"
[1] "isofox_gene_set_KEGG_MELANOGENESIS"
[1] "isofox_gene_set_KEGG_ADIPOCYTOKINE_SIGNALING_PATHWAY"
[1] "isofox_gene_set_KEGG_TYPE_II_DIABETES_MELLITUS"
[1] "isofox_gene_set_KEGG_TYPE_I_DIABETES_MELLITUS"
[1] "isofox_gene_set_KEGG_MATURITY_ONSET_DIABETES_OF_THE_YOUNG"
[1] "isofox_gene_set_KEGG_ALDOSTERONE_REGULATED_SODIUM_REABSORPTION"
[1] "isofox_gene_set_KEGG_VASOPRESSIN_REGULATED_WATER_REABSORPTION"
[1] "isofox_gene_set_KEGG_ALZHEIMERS_DISEASE"
[1] "isofox_gene_set_KEGG_PARKINSONS_DISEASE"
[1] "isofox_gene_set_KEGG_AMYOTROPHIC_LATERAL_SCLEROSIS_ALS"
[1] "isofox_gene_set_KEGG_HUNTINGTONS_DISEASE"
[1] "isofox_gene_set_KEGG_PRION_DISEASES"
[1] "isofox_gene_set_KEGG_VIBRIO_CHOLERAE_INFECTION"
[1] "isofox_gene_set_KEGG_EPITHELIAL_CELL_SIGNALING_IN_HELICOBACTER_PYLORI_INFECTION"
[1] "isofox_gene_set_KEGG_LEISHMANIA_INFECTION"
[1] "isofox_gene_set_KEGG_PATHWAYS_IN_CANCER"
[1] "isofox_gene_set_KEGG_COLORECTAL_CANCER"
[1] "isofox_gene_set_KEGG_RENAL_CELL_CARCINOMA"
[1] "isofox_gene_set_KEGG_PANCREATIC_CANCER"
[1] "isofox_gene_set_KEGG_ENDOMETRIAL_CANCER"
[1] "isofox_gene_set_KEGG_GLIOMA"
[1] "isofox_gene_set_KEGG_PROSTATE_CANCER"
[1] "isofox_gene_set_KEGG_THYROID_CANCER"
[1] "isofox_gene_set_KEGG_BASAL_CELL_CARCINOMA"
[1] "isofox_gene_set_KEGG_MELANOMA"
[1] "isofox_gene_set_KEGG_BLADDER_CANCER"
[1] "isofox_gene_set_KEGG_CHRONIC_MYELOID_LEUKEMIA"
[1] "isofox_gene_set_KEGG_ACUTE_MYELOID_LEUKEMIA"
[1] "isofox_gene_set_KEGG_SMALL_CELL_LUNG_CANCER"
[1] "isofox_gene_set_KEGG_NON_SMALL_CELL_LUNG_CANCER"
[1] "isofox_gene_set_KEGG_ASTHMA"
[1] "isofox_gene_set_KEGG_AUTOIMMUNE_THYROID_DISEASE"
[1] "isofox_gene_set_KEGG_ALLOGRAFT_REJECTION"
[1] "isofox_gene_set_KEGG_GRAFT_VERSUS_HOST_DISEASE"
[1] "isofox_gene_set_KEGG_VIRAL_MYOCARDITIS"
[1] "isofox_gene_set_HALLMARK_TNFA_SIGNALING_VIA_NFKB"
[1] "isofox_gene_set_HALLMARK_HYPOXIA"
[1] "isofox_gene_set_HALLMARK_CHOLESTEROL_HOMEOSTASIS"
[1] "isofox_gene_set_HALLMARK_MITOTIC_SPINDLE"
[1] "isofox_gene_set_HALLMARK_WNT_BETA_CATENIN_SIGNALING"
[1] "isofox_gene_set_HALLMARK_TGF_BETA_SIGNALING"
[1] "isofox_gene_set_HALLMARK_IL6_JAK_STAT3_SIGNALING"
[1] "isofox_gene_set_HALLMARK_DNA_REPAIR"
[1] "isofox_gene_set_HALLMARK_G2M_CHECKPOINT"
[1] "isofox_gene_set_HALLMARK_APOPTOSIS"
[1] "isofox_gene_set_HALLMARK_NOTCH_SIGNALING"
[1] "isofox_gene_set_HALLMARK_ADIPOGENESIS"
[1] "isofox_gene_set_HALLMARK_ESTROGEN_RESPONSE_EARLY"
[1] "isofox_gene_set_HALLMARK_ESTROGEN_RESPONSE_LATE"
[1] "isofox_gene_set_HALLMARK_ANDROGEN_RESPONSE"
[1] "isofox_gene_set_HALLMARK_MYOGENESIS"
[1] "isofox_gene_set_HALLMARK_PROTEIN_SECRETION"
[1] "isofox_gene_set_HALLMARK_INTERFERON_ALPHA_RESPONSE"
[1] "isofox_gene_set_HALLMARK_INTERFERON_GAMMA_RESPONSE"
[1] "isofox_gene_set_HALLMARK_APICAL_JUNCTION"
[1] "isofox_gene_set_HALLMARK_APICAL_SURFACE"
[1] "isofox_gene_set_HALLMARK_HEDGEHOG_SIGNALING"
[1] "isofox_gene_set_HALLMARK_COMPLEMENT"
[1] "isofox_gene_set_HALLMARK_UNFOLDED_PROTEIN_RESPONSE"
[1] "isofox_gene_set_HALLMARK_PI3K_AKT_MTOR_SIGNALING"
[1] "isofox_gene_set_HALLMARK_MTORC1_SIGNALING"
[1] "isofox_gene_set_HALLMARK_E2F_TARGETS"
[1] "isofox_gene_set_HALLMARK_MYC_TARGETS_V1"
[1] "isofox_gene_set_HALLMARK_MYC_TARGETS_V2"
[1] "isofox_gene_set_HALLMARK_EPITHELIAL_MESENCHYMAL_TRANSITION"
[1] "isofox_gene_set_HALLMARK_INFLAMMATORY_RESPONSE"
[1] "isofox_gene_set_HALLMARK_XENOBIOTIC_METABOLISM"
[1] "isofox_gene_set_HALLMARK_FATTY_ACID_METABOLISM"
[1] "isofox_gene_set_HALLMARK_OXIDATIVE_PHOSPHORYLATION"
[1] "isofox_gene_set_HALLMARK_GLYCOLYSIS"
[1] "isofox_gene_set_HALLMARK_REACTIVE_OXYGEN_SPECIES_PATHWAY"
[1] "isofox_gene_set_HALLMARK_P53_PATHWAY"
[1] "isofox_gene_set_HALLMARK_UV_RESPONSE_UP"
[1] "isofox_gene_set_HALLMARK_UV_RESPONSE_DN"
[1] "isofox_gene_set_HALLMARK_ANGIOGENESIS"
[1] "isofox_gene_set_HALLMARK_HEME_METABOLISM"
[1] "isofox_gene_set_HALLMARK_COAGULATION"
[1] "isofox_gene_set_HALLMARK_IL2_STAT5_SIGNALING"
[1] "isofox_gene_set_HALLMARK_BILE_ACID_METABOLISM"
[1] "isofox_gene_set_HALLMARK_PEROXISOME"
[1] "isofox_gene_set_HALLMARK_ALLOGRAFT_REJECTION"
[1] "isofox_gene_set_HALLMARK_SPERMATOGENESIS"
[1] "isofox_gene_set_HALLMARK_KRAS_SIGNALING_UP"
[1] "isofox_gene_set_HALLMARK_KRAS_SIGNALING_DN"
[1] "isofox_gene_set_HALLMARK_PANCREAS_BETA_CELLS"
[1] "isofox_gene_set_CELL_PROLIFERATION_GO_0008283"
[1] "isofox_gene_set_tcell_cluster"
[1] "isofox_gene_set_tgfb_cluster"
[1] "isofox_gene_set_prolif_cluster"
[1] "isofox_gene_set_tcell_cluster_05"
[1] "isofox_gene_set_prolif_cluster_05"
[1] "isofox_gene_set_tgfb_cluster_05"
[1] "isofox_gene_set_tcell_cluster_10"
[1] "isofox_gene_set_prolif_cluster_10"
[1] "isofox_gene_set_tgfb_cluster_10"
