Get SCNA: CPCT02120024T
Get SCNA: CPCT02100021T
Get SCNA: CPCT02010300T
Get SCNA: CPCT02020574T
Get SCNA: CPCT02050385T
Get SCNA: CPCT02140061T
Get SCNA: CPCT02410009T
Get SCNA: CPCT02160010T
Get SCNA: CPCT02011080T
Get SCNA: CPCT02050264T
Get SCNA: CPCT02010536T
Get SCNA: CPCT02140083T
Get SCNA: CPCT02020688T
Get SCNA: CPCT02040097T
Get SCNA: CPCT02150012T
Get SCNA: CPCT02050115T
Get SCNA: CPCT02010382TII
Get SCNA: CPCT02120162T
Get SCNA: CPCT02020447T
Get SCNA: CPCT02020901T
Get SCNA: CPCT02030428T
Get SCNA: CPCT02050432T
Get SCNA: CPCT02100102T
Get SCNA: CPCT02011053T
Get SCNA: CPCT02120200T
Get SCNA: CPCT02080216T
Get SCNA: CPCT02130169T
Get SCNA: CPCT02120144T
Get SCNA: CPCT02180029T
Get SCNA: CPCT02070099T
Get SCNA: CPCT02330092T
Get SCNA: CPCT02010555T
Get SCNA: CPCT02100126T
Get SCNA: CPCT02010682T
Get SCNA: CPCT02160062T
Get SCNA: CPCT02180054T
Get SCNA: CPCT02010325T
Get SCNA: CPCT02070452T
Get SCNA: CPCT02190020T
Get SCNA: CPCT02120107T
Get SCNA: CPCT02180015T
Get SCNA: CPCT02010249T
Get SCNA: CPCT02380008T
Get SCNA: CPCT02010715T
Get SCNA: CPCT02050286T
Get SCNA: CPCT02020408T
Get SCNA: CPCT02020500T
Get SCNA: CPCT02050060T
Get SCNA: CPCT02110074T
Get SCNA: CPCT02020866T
Get SCNA: CPCT02060067T
Get SCNA: CPCT02070290T
Get SCNA: CPCT02010894T
Get SCNA: CPCT02090057T
Get SCNA: CPCT02040194T
Get SCNA: CPCT02020186TII
Get SCNA: CPCT02210076T
Get SCNA: CPCT02010567TII
Get SCNA: CPCT02390017T
Get SCNA: CPCT02050172T
Get SCNA: CPCT02030218TII
Get SCNA: CPCT02070404T
Get SCNA: CPCT02320002T
Get SCNA: CPCT02100149T
Get SCNA: CPCT02020684T
Get SCNA: CPCT02070044T
Get SCNA: CPCT02030269T
Get SCNA: CPCT02030258T
Get SCNA: CPCT02070420T
Get SCNA: CPCT02010313T
Get SCNA: CPCT02210026T
Get SCNA: CPCT02080001T
Get SCNA: CPCT02020678TII
Get SCNA: CPCT02020351T
Get SCNA: CPCT02020414T
Get SCNA: CPCT02050359T
Get SCNA: CPCT02080076T
Get SCNA: CPCT02100067T
Get SCNA: CPCT02080157T
Get SCNA: CPCT02030508T
Get SCNA: CPCT02080170T
Get SCNA: CPCT02010835T
Get SCNA: CPCT02050056T
Get SCNA: CPCT02011040T
Get SCNA: CPCT02020981T
Get SCNA: CPCT02130159T
Get SCNA: CPCT02160052T
Get SCNA: CPCT02120131T
Get SCNA: CPCT02120176T
Get SCNA: CPCT02060196T
Get SCNA: CPCT02010347TII
Get SCNA: CPCT02090052T
Get SCNA: CPCT02230100T
Get SCNA: CPCT02020232TII
Get SCNA: CPCT02020613T
Get SCNA: CPCT02010973T
Get SCNA: CPCT02080173T
Get SCNA: CPCT02050296T
Get SCNA: CPCT02330033T
Get SCNA: CPCT02330103T
Get SCNA: CPCT02250011T
Get SCNA: CPCT02350031T
Get SCNA: CPCT02100092T
Get SCNA: CPCT02230044T
Get SCNA: CPCT02020898T
Get SCNA: CPCT02160049T
Get SCNA: CPCT02050139T
Get SCNA: CPCT02270003T
Get SCNA: CPCT02020597TII
Get SCNA: CPCT02020795T
Get SCNA: CPCT02320005T
Get SCNA: CPCT02300019T
Get SCNA: CPCT02010267TII
Get SCNA: CPCT02040316T
Get SCNA: CPCT02011022T
Get SCNA: CPCT02040136T
Get SCNA: CPCT02210028T
Get SCNA: CPCT02070289T
Get SCNA: CPCT02160014T
Get SCNA: CPCT02050304T
Get SCNA: CPCT02100110T
Get SCNA: CPCT02030392T
Get SCNA: CPCT02070335T
Get SCNA: CPCT02020965T
Get SCNA: CPCT02010603T
Get SCNA: CPCT02020939T
Get SCNA: CPCT02120022T
Get SCNA: CPCT02070169T
Get SCNA: CPCT02030339TII
Get SCNA: CPCT02060117T
Get SCNA: CPCT02440017T
Get SCNA: CPCT02020787T
Get SCNA: CPCT02050161T
Get SCNA: CPCT02190007T
Get SCNA: CPCT02210070T
Get SCNA: CPCT02220057T
Get SCNA: CPCT02230028T
Get SCNA: CPCT02010989T
Get SCNA: CPCT02020596T
Get SCNA: CPCT02011097T
Get SCNA: CPCT02030417T
Get SCNA: CPCT02020492T
Get SCNA: CPCT02120053T
Get SCNA: CPCT02010988T
Get SCNA: CPCT02180007T
Get SCNA: CPCT02110020T
Get SCNA: CPCT02390029T
Get SCNA: CPCT02010867T
Get SCNA: CPCT02080326T
Get SCNA: CPCT02070444T
Get SCNA: CPCT02070156T
Get SCNA: CPCT02340024T
Get SCNA: CPCT02220069T
Get SCNA: CPCT02460004T
Get SCNA: CPCT02020865T
Get SCNA: CPCT02050103T
Get SCNA: CPCT02010370T
Get SCNA: CPCT02030552T
Get SCNA: CPCT02010424T
Get SCNA: CPCT02011070T
Get SCNA: CPCT02010292TII
Get SCNA: CPCT02140011T
Get SCNA: CPCT02010699T
Get SCNA: CPCT02080072T
Get SCNA: CPCT02080086T
Get SCNA: CPCT02020317T
Get SCNA: CPCT02030543T
Get SCNA: CPCT02180069T
Get SCNA: CPCT02020474T
Get SCNA: CPCT02380050T
Get SCNA: CPCT02050383T
Get SCNA: CPCT02050034T
Get SCNA: CPCT02010346T
Get SCNA: CPCT02050454T
Get SCNA: CPCT02270028T
Get SCNA: CPCT02070134T
Get SCNA: CPCT02050210T
Get SCNA: CPCT02020334T
Get SCNA: CPCT02330130T
Get SCNA: CPCT02010911T
Get SCNA: CPCT02020821T
Get SCNA: CPCT02050019T
Get SCNA: CPCT02300032T
Get SCNA: CPCT02330009T
Get SCNA: CPCT02020245TIII
Get SCNA: CPCT02120002T
Get SCNA: CPCT02020582T
Get SCNA: CPCT02050022T
Get SCNA: CPCT02070158T
Get SCNA: CPCT02040071T
Get SCNA: CPCT02030306T
Get SCNA: CPCT02070359T
Get SCNA: CPCT02020370T
Get SCNA: CPCT02080207T
Get SCNA: CPCT02020490T
Get SCNA: CPCT02010403T
Get SCNA: CPCT02010847T
Get SCNA: CPCT02050118T
Get SCNA: CPCT02010873T
Get SCNA: CPCT02160055T
Get SCNA: CPCT02440037T
Get SCNA: CPCT02020330T
Get SCNA: CPCT02080179T
Get SCNA: CPCT02010399T
Get SCNA: CPCT02040014T
Get SCNA: CPCT02140102T
Get SCNA: CPCT02070236T
Get SCNA: CPCT02010372T
Get SCNA: CPCT02010688T
Get SCNA: CPCT02080057T
Get SCNA: CPCT02040215TII
Get SCNA: CPCT02040149T
Get SCNA: CPCT02120120T
Get SCNA: CPCT02100127T
Get SCNA: CPCT02100116T
Get SCNA: CPCT02230095T
Get SCNA: CPCT02110057T
Get SCNA: CPCT02050404T
Get SCNA: CPCT02020553T
Get SCNA: CPCT02020285T
Get SCNA: CPCT02050031T
Get SCNA: CPCT02150031T
Get SCNA: CPCT02160001T
Get SCNA: CPCT02410023T
Get SCNA: CPCT02060278T
Get SCNA: CPCT02030547T
Get SCNA: CPCT02030293T
Get SCNA: CPCT02050268T
Get SCNA: CPCT02370010T
Get SCNA: CPCT02440030T
Get SCNA: CPCT02060248T
Get SCNA: CPCT02050077T
Get SCNA: CPCT02110062T
Get SCNA: CPCT02020249T
Get SCNA: CPCT02120189T
Get SCNA: CPCT02010985T
Get SCNA: CPCT02030369T
Get SCNA: CPCT02010752T
Get SCNA: CPCT02010427T
Get SCNA: CPCT02080232T
Get SCNA: CPCT02150017T
Get SCNA: CPCT02060259T
Get SCNA: CPCT02080247T
Get SCNA: CPCT02160042T
Get SCNA: CPCT02300016T
Get SCNA: CPCT02070364T
Get SCNA: CPCT02070306T
Get SCNA: CPCT02160039T
Get SCNA: CPCT02010383T
Get SCNA: CPCT02120030T
Get SCNA: CPCT02010349T
Get SCNA: CPCT02030437T
Get SCNA: CPCT02010655T
Get SCNA: CPCT02050026T
Get SCNA: CPCT02020912T
Get SCNA: CPCT02070023T
Get SCNA: CPCT02090060T
Get SCNA: CPCT02220076T
Get SCNA: CPCT02130146T
Get SCNA: CPCT02070106T
Get SCNA: CPCT02010577T
Get SCNA: CPCT02010718T
Get SCNA: CPCT02300001T
Get SCNA: CPCT02050179T
Get SCNA: CPCT02110023T
Get SCNA: CPCT02070323T
Get SCNA: CPCT02050203T
Get SCNA: CPCT02390007T
Get SCNA: CPCT02300018T
Get SCNA: CPCT02080031T
Get SCNA: CPCT02060006T
Get SCNA: CPCT02030549T
Get SCNA: CPCT02010408T
Get SCNA: CPCT02310022T
Get SCNA: CPCT02200008T
Get SCNA: CPCT02100137T
Get SCNA: CPCT02030376T
Get SCNA: CPCT02020839T
Get SCNA: CPCT02220005T
Get SCNA: CPCT02060276T
Get SCNA: CPCT02230082T
Get SCNA: CPCT02030218TIII
Get SCNA: CPCT02230043T
Get SCNA: CPCT02070445T
Get SCNA: CPCT02100163T
Get SCNA: CPCT02010927T
Get SCNA: CPCT02330027T
Get SCNA: CPCT02120098T
Get SCNA: CPCT02240007TII
Get SCNA: CPCT02260017T
Get SCNA: CPCT02030256T
Get SCNA: CPCT02010877T
Get SCNA: CPCT02020731T
Get SCNA: CPCT02330021T
Get SCNA: CPCT02050052T
Get SCNA: CPCT02020718T
Get SCNA: CPCT02050100T
Get SCNA: CPCT02020716T
Get SCNA: CPCT02011051T
Get SCNA: CPCT02040323T
Get SCNA: CPCT02080271T
Get SCNA: CPCT02210066T
Get SCNA: CPCT02220077T
Get SCNA: CPCT02040021T
Get SCNA: CPCT02070443T
Get SCNA: CPCT02011005T
Get SCNA: CPCT02060167T
Get SCNA: CPCT02170032T
Get SCNA: CPCT02030246T
Get SCNA: CPCT02030553T
Get SCNA: CPCT02070037T
Get SCNA: CPCT02020888T
Get SCNA: CPCT02040115TII
Get SCNA: CPCT02010753T
Get SCNA: CPCT02080275T
Get SCNA: CPCT02230088T
Get SCNA: CPCT02050249T
Get SCNA: CPCT02070391T
Get SCNA: CPCT02020706T
Get SCNA: CPCT02070484T
Get SCNA: CPCT02020250T
Get SCNA: CPCT02130034T
Get SCNA: CPCT02050403T
Get SCNA: CPCT02030285T
Get SCNA: CPCT02120191T
Get SCNA: CPCT02110035T
Get SCNA: CPCT02040349T
Get SCNA: CPCT02230115T
Get SCNA: CPCT02290020T
Get SCNA: CPCT02080084T
Get SCNA: CPCT02140003T
Get SCNA: CPCT02020485T
Get SCNA: CPCT02020739T
Get SCNA: CPCT02010422T
Get SCNA: CPCT02070472T
Get SCNA: CPCT02050027T
Get SCNA: CPCT02170038T
Get SCNA: CPCT02030238T
Get SCNA: CPCT02210050T
Get SCNA: CPCT02180049T
Get SCNA: CPCT02020975T
Get SCNA: CPCT02110092T
Get SCNA: CPCT02070466TII
Get SCNA: CPCT02380002T
Get SCNA: CPCT02390027T
Get SCNA: CPCT02380006T
Get SCNA: CPCT02330063T
Get SCNA: CPCT02010976T
Get SCNA: CPCT02060096T
Get SCNA: CPCT02120069T
Get SCNA: CPCT02040037T
Get SCNA: CPCT02010110TIII
Get SCNA: CPCT02120146T
Get SCNA: CPCT02040291T
Get SCNA: CPCT02010618T
Get SCNA: CPCT02140017T
Get SCNA: CPCT02010939T
Get SCNA: CPCT02020388T
Get SCNA: CPCT02070348T
Get SCNA: CPCT02070381T
Get SCNA: CPCT02340110T
Get SCNA: CPCT02340040T
Get SCNA: CPCT02050164T
Get SCNA: CPCT02180072T
Get SCNA: CPCT02070454T
Get SCNA: CPCT02100144T
Get SCNA: CPCT02200005T
Get SCNA: CPCT02440028T
Get SCNA: CPCT02330047T
Get SCNA: CPCT02080060T
Get SCNA: CPCT02020277T
Get SCNA: CPCT02080183T
Get SCNA: CPCT02020268T
Get SCNA: CPCT02230051T
Get SCNA: CPCT02320007T
Get SCNA: CPCT02130079T
Get SCNA: CPCT02290018T
Get SCNA: CPCT02220071T
Get SCNA: CPCT02190039T
Get SCNA: CPCT02020757T
Get SCNA: CPCT02080215T
Get SCNA: CPCT02030277T
Get SCNA: CPCT02010526T
Get SCNA: CPCT02070108T
Get SCNA: CPCT02070235T
Get SCNA: CPCT02230120T
Get SCNA: CPCT02040283T
Get SCNA: CPCT02010272T
Get SCNA: CPCT02020487T
Get SCNA: CPCT02020819T
Get SCNA: CPCT02220036T
Get SCNA: CPCT02190040T
Get SCNA: CPCT02010678T
Get SCNA: CPCT02080307T
Get SCNA: CPCT02250010T
Get SCNA: CPCT02210017T
Get SCNA: CPCT02070337T
Get SCNA: CPCT02080270T
Get SCNA: CPCT02190037T
Get SCNA: CPCT02010589T
Get SCNA: CPCT02010978T
Get SCNA: CPCT02010645T
Get SCNA: CPCT02230027T
Get SCNA: CPCT02290021T
Get SCNA: CPCT02080317T
Get SCNA: CPCT02070307TII
Get SCNA: CPCT02160038T
Get SCNA: CPCT02190013T
Get SCNA: CPCT02010794T
Get SCNA: CPCT02330044T
Get SCNA: CPCT02130170T
Get SCNA: CPCT02130084T
Get SCNA: CPCT02300011T
Get SCNA: CPCT02080102T
Get SCNA: CPCT02010762T
Get SCNA: CPCT02390033T
Get SCNA: CPCT02330133T
Get SCNA: CPCT02010447T
Get SCNA: CPCT02020207T
Get SCNA: CPCT02050086T
Get SCNA: CPCT02050280T
Get SCNA: CPCT02010750T
Get SCNA: CPCT02050047T
Get SCNA: CPCT02020686T
Get SCNA: CPCT02120101T
Get SCNA: CPCT02300014T
Get SCNA: CPCT02380011T
Get SCNA: CPCT02340025T
Get SCNA: CPCT02010043T
Get SCNA: CPCT02130062T
Get SCNA: CPCT02050292T
Get SCNA: CPCT02060102T
Get SCNA: CPCT02010802T
Get SCNA: CPCT02030463T
Get SCNA: CPCT02110102T
Get SCNA: CPCT02230110T
Get SCNA: CPCT02030300T
Get SCNA: CPCT02020572T
Get SCNA: CPCT02080114T
Get SCNA: CPCT02010488T
Get SCNA: CPCT02070434T
Get SCNA: CPCT02010613T
Get SCNA: CPCT02120153T
Get SCNA: CPCT02010933T
Get SCNA: CPCT02010998T
Get SCNA: CPCT02030302T
Get SCNA: CPCT02020690T
Get SCNA: CPCT02070324T
Get SCNA: CPCT02210082T
Get SCNA: CPCT02020264T
Get SCNA: CPCT02030329T
Get SCNA: CPCT02330125T
Get SCNA: CPCT02040055T
Get SCNA: CPCT02040186T
Get SCNA: CPCT02110042T
Get SCNA: CPCT02110017T
Get SCNA: CPCT02010774T
Get SCNA: CPCT02020958TII
Get SCNA: CPCT02130167T
Get SCNA: CPCT02140072T
Get SCNA: CPCT02010754T
Get SCNA: CPCT02050097T
Get SCNA: CPCT02050195T
Get SCNA: CPCT02100101T
Get SCNA: CPCT02100107T
Get SCNA: CPCT02020680T
Get SCNA: CPCT02090043T
Get SCNA: CPCT02290039T
Get SCNA: CPCT02070486T
Get SCNA: CPCT02060168T
Get SCNA: CPCT02020525T
Get SCNA: CPCT02010990T
Get SCNA: CPCT02100050T
Get SCNA: CPCT02010691T
Get SCNA: CPCT02010233T
Get SCNA: CPCT02050333T
Get SCNA: CPCT02100093T
Get SCNA: CPCT02440014T
Get SCNA: CPCT02010977T
Get SCNA: CPCT02340020T
Get SCNA: CPCT02300010T
Get SCNA: CPCT02010860T
Get SCNA: CPCT02130184T
Get SCNA: CPCT02020815T
Get SCNA: CPCT02100036T
Get SCNA: CPCT02080250T
Get SCNA: CPCT02030517T
Get SCNA: CPCT02120095T
Get SCNA: CPCT02011036T
Get SCNA: CPCT02060247T
Get SCNA: CPCT02010333TII
Get SCNA: CPCT02060044T
Get SCNA: CPCT02150021T
Get SCNA: CPCT02100112T
Get SCNA: CPCT02010291TII
Get SCNA: CPCT02080191T
Get SCNA: CPCT02120001T
Get SCNA: CPCT02080256T
Get SCNA: CPCT02230004T
Get SCNA: CPCT02100195T
Get SCNA: CPCT02050187T
Get SCNA: CPCT02240008T
Get SCNA: CPCT02080266T
Get SCNA: CPCT02120033T
Get SCNA: CPCT02120187T
Get SCNA: CPCT02050212T
Get SCNA: CPCT02060201T
Get SCNA: CPCT02020257TII
Get SCNA: CPCT02050245T
Get SCNA: CPCT02230061T
Get SCNA: CPCT02220008T
Get SCNA: CPCT02080119T
Get SCNA: CPCT02050409T
Get SCNA: CPCT02040192T
Get SCNA: CPCT02020959T
Get SCNA: CPCT02210016T
Get SCNA: CPCT02380037T
Get SCNA: CPCT02010466T
Get SCNA: CPCT02020406T
Get SCNA: CPCT02330131T
Get SCNA: CPCT02210010T
Get SCNA: CPCT02110050T
Get SCNA: CPCT02040299T
Get SCNA: CPCT02080163T
Get SCNA: CPCT02130137T
Get SCNA: CPCT02340008TII
Get SCNA: CPCT02050029T
Get SCNA: CPCT02330024T
Get SCNA: CPCT02330007T
Get SCNA: CPCT02130087T
Get SCNA: CPCT02050095T
Get SCNA: CPCT02040020T
Get SCNA: CPCT02300023T
Get SCNA: CPCT02190009T
Get SCNA: CPCT02020984T
Get SCNA: CPCT02050215T
Get SCNA: CPCT02040114T
Get SCNA: CPCT02060200T
Get SCNA: CPCT02050117T
Get SCNA: CPCT02180028T
Get SCNA: CPCT02010872T
Get SCNA: CPCT02011017T
Get SCNA: CPCT02180001T
Get SCNA: CPCT02270047T
Get SCNA: CPCT02070426T
Get SCNA: CPCT02330149T
Get SCNA: CPCT02070185T
Get SCNA: CPCT02020340T
Get SCNA: CPCT02050213T
Get SCNA: CPCT02250002T
Get SCNA: CPCT02030274T
Get SCNA: CPCT02210068T
Get SCNA: CPCT02010560T
Get SCNA: CPCT02070263T
Get SCNA: CPCT02040228T
Get SCNA: CPCT02440009T
Get SCNA: CPCT02070218T
Get SCNA: CPCT02050011T
Get SCNA: CPCT02070386T
Get SCNA: CPCT02330066T
Get SCNA: CPCT02080063T
Get SCNA: CPCT02120184T
Get SCNA: CPCT02100043T
Get SCNA: CPCT02020780T
Get SCNA: CPCT02010134T
Get SCNA: CPCT02020665T
Get SCNA: CPCT02410018T
Get SCNA: CPCT02260008T
Get SCNA: CPCT02020309T
Get SCNA: CPCT02290053T
Get SCNA: CPCT02010914T
Get SCNA: CPCT02290016T
Get SCNA: CPCT02020501T
Get SCNA: CPCT02010732T
Get SCNA: CPCT02330032T
Get SCNA: CPCT02030357T
Get SCNA: CPCT02390043T
Get SCNA: CPCT02030284T
Get SCNA: CPCT02330095T
Get SCNA: CPCT02340073T
Get SCNA: CPCT02070362T
Get SCNA: CPCT02110099T
Get SCNA: CPCT02020245TII
Get SCNA: CPCT02010790T
Get SCNA: CPCT02140018T
Get SCNA: CPCT02010517T
Get SCNA: CPCT02020403T
Get SCNA: CPCT02340083T
Get SCNA: CPCT02010982T
Get SCNA: CPCT02070008T
Get SCNA: CPCT02030410T
Get SCNA: CPCT02120112T
Get SCNA: CPCT02020791T
Get SCNA: CPCT02070034T
Get SCNA: CPCT02020643T
Get SCNA: CPCT02040100T
Get SCNA: CPCT02160022T
Get SCNA: CPCT02010593T
Get SCNA: CPCT02210053T
Get SCNA: CPCT02011090T
Get SCNA: CPCT02120171T
Get SCNA: CPCT02060126T
Get SCNA: CPCT02190002T
Get SCNA: CPCT02010833T
Get SCNA: CPCT02010599T
Get SCNA: CPCT02060140T
Get SCNA: CPCT02020794T
Get SCNA: CPCT02100202T
Get SCNA: CPCT02080141T
Get SCNA: CPCT02011071T
Get SCNA: CPCT02130129T
Get SCNA: CPCT02100119T
Get SCNA: CPCT02020313T
Get SCNA: CPCT02100134T
Get SCNA: CPCT02040282T
Get SCNA: CPCT02100017T
Get SCNA: CPCT02340029T
Get SCNA: CPCT02020633TII
Get SCNA: CPCT02110010T
Get SCNA: CPCT02140080T
Get SCNA: CPCT02230050T
Get SCNA: CPCT02130056T
Get SCNA: CPCT02140057T
Get SCNA: CPCT02010907T
Get SCNA: CPCT02020265T
Get SCNA: CPCT02040064T
Get SCNA: CPCT02010963T
Get SCNA: CPCT02040312T
Get SCNA: CPCT02130158T
Get SCNA: CPCT02210042T
Get SCNA: CPCT02010514T
Get SCNA: CPCT02230001T
Get SCNA: CPCT02020197T
Get SCNA: CPCT02330111T
Get SCNA: CPCT02020876T
Get SCNA: CPCT02030327T
Get SCNA: CPCT02110007T
Get SCNA: CPCT02070192T
Get SCNA: CPCT02120028T
Get SCNA: CPCT02030259TII
Get SCNA: CPCT02010925T
Get SCNA: CPCT02120193T
Get SCNA: CPCT02030440T
Get SCNA: CPCT02050330T
Get SCNA: CPCT02160045T
Get SCNA: CPCT02070154T
Get SCNA: CPCT02090037T
Get SCNA: CPCT02190024T
Get SCNA: CPCT02330014T
Get SCNA: CPCT02070091T
Get SCNA: CPCT02020642TII
Get SCNA: CPCT02080196T
Get SCNA: CPCT02120042T
Get SCNA: CPCT02050276T
Get SCNA: CPCT02140036T
Get SCNA: CPCT02210071T
Get SCNA: CPCT02170027T
Get SCNA: CPCT02100122T
Get SCNA: CPCT02080295T
Get SCNA: CPCT02010571T
Get SCNA: CPCT02300008T
Get SCNA: CPCT02010931T
Get SCNA: CPCT02070450T
Get SCNA: CPCT02300030T
Get SCNA: CPCT02011043T
Get SCNA: CPCT02010320T
Get SCNA: CPCT02230080T
Get SCNA: CPCT02390021T
Get SCNA: CPCT02300036T
Get SCNA: CPCT02290040T
Get SCNA: CPCT02120160T
Get SCNA: CPCT02050244T
Get SCNA: CPCT02060042T
Get SCNA: CPCT02190043T
Get SCNA: CPCT02230077T
Get SCNA: CPCT02070262T
Get SCNA: CPCT02070085TII
Get SCNA: CPCT02070167T
Get SCNA: CPCT02030381T
Get SCNA: CPCT02010856T
Get SCNA: CPCT02410019T
Get SCNA: CPCT02030514T
Get SCNA: CPCT02060288T
Get SCNA: CPCT02450007T
Get SCNA: CPCT02230057T
Get SCNA: CPCT02030320T
Get SCNA: CPCT02070392T
Get SCNA: CPCT02070368T
Get SCNA: CPCT02120044T
Get SCNA: CPCT02010683T
Get SCNA: CPCT02230003T
Get SCNA: CPCT02030442T
Get SCNA: CPCT02010263T
Get SCNA: CPCT02230068T
Get SCNA: CPCT02230124T
Get SCNA: CPCT02070410T
Get SCNA: CPCT02011013T
Get SCNA: CPCT02030264T
Get SCNA: CPCT02060241T
Get SCNA: CPCT02020325T
Get SCNA: CPCT02180030T
Get SCNA: CPCT02060018T
Get SCNA: CPCT02330078T
Get SCNA: CPCT02050199T
Get SCNA: CPCT02450013T
Get SCNA: CPCT02040254T
Get SCNA: CPCT02020348T
Get SCNA: CPCT02010478T
Get SCNA: CPCT02230029T
Get SCNA: CPCT02440023T
Get SCNA: CPCT02010484T
Get SCNA: CPCT02020561T
Get SCNA: CPCT02100186T
Get SCNA: CPCT02130063T
Get SCNA: CPCT02060206T
Get SCNA: CPCT02300027T
Get SCNA: CPCT02380010T
Get SCNA: CPCT02010512T
Get SCNA: CPCT02380005T
Get SCNA: CPCT02070164T
Get SCNA: CPCT02050322T
Get SCNA: CPCT02080001TII
Get SCNA: CPCT02130163T
Get SCNA: CPCT02020802T
Get SCNA: CPCT02020276T
Get SCNA: CPCT02080138T
Get SCNA: CPCT02020896T
Get SCNA: CPCT02080041T
Get SCNA: CPCT02330046T
Get SCNA: CPCT02380016T
Get SCNA: CPCT02290037T
Get SCNA: CPCT02020272T
Get SCNA: CPCT02070035T
Get SCNA: CPCT02060119T
Get SCNA: CPCT02020854T
Get SCNA: CPCT02020202T
Get SCNA: CPCT02070135T
Get SCNA: CPCT02030384T
Get SCNA: CPCT02120100T
Get SCNA: CPCT02010810T
Get SCNA: CPCT02020428T
Get SCNA: CPCT02380026T
Get SCNA: CPCT02230098T
Get SCNA: CPCT02390005T
Get SCNA: CPCT02020240T
Get SCNA: CPCT02270021T
Get SCNA: CPCT02050441T
Get SCNA: CPCT02020350T
Get SCNA: CPCT02130069T
Get SCNA: CPCT02220061T
Get SCNA: CPCT02340102T
Get SCNA: CPCT02080078T
Get SCNA: CPCT02080224T
Get SCNA: CPCT02120051T
Get SCNA: CPCT02130138T
Get SCNA: CPCT02040108T
Get SCNA: CPCT02050415T
Get SCNA: CPCT02010813T
Get SCNA: CPCT02020672T
Get SCNA: CPCT02030516T
Get SCNA: CPCT02070051T
Get SCNA: CPCT02010720T
Get SCNA: CPCT02050014T
Get SCNA: CPCT02070344T
Get SCNA: CPCT02020891T
Get SCNA: CPCT02220075T
Get SCNA: CPCT02040018T
Get SCNA: CPCT02020857T
Get SCNA: CPCT02120114T
Get SCNA: CPCT02020687T
Get SCNA: CPCT02011087T
Get SCNA: CPCT02050418T
Get SCNA: CPCT02020482T
Get SCNA: CPCT02340098T
Get SCNA: CPCT02050391T
Get SCNA: CPCT02020252T
Get SCNA: CPCT02010643T
Get SCNA: CPCT02140010T
Get SCNA: CPCT02020670T
Get SCNA: CPCT02090049T
Get SCNA: CPCT02040117T
Get SCNA: CPCT02020307T
Get SCNA: CPCT02010751T
Get SCNA: CPCT02050261T
Get SCNA: CPCT02160028T
Get SCNA: CPCT02080313T
Get SCNA: CPCT02080029T
Get SCNA: CPCT02030382T
Get SCNA: CPCT02010376T
Get SCNA: CPCT02150008T
Get SCNA: CPCT02320009T
Get SCNA: CPCT02040054T
Get SCNA: CPCT02050331T
Get SCNA: CPCT02040342T
Get SCNA: CPCT02010336T
Get SCNA: CPCT02080185T
Get SCNA: CPCT02030400T
Get SCNA: CPCT02020231T
Get SCNA: CPCT02010450T
Get SCNA: CPCT02011037T
Get SCNA: CPCT02130071T
Get SCNA: CPCT02070256T
Get SCNA: CPCT02010329T
Get SCNA: CPCT02120079T
Get SCNA: CPCT02070353T
Get SCNA: CPCT02090047T
Get SCNA: CPCT02040258T
Get SCNA: CPCT02130033T
Get SCNA: CPCT02100095T
Get SCNA: CPCT02160008T
Get SCNA: CPCT02011065T
Get SCNA: CPCT02030548T
Get SCNA: CPCT02070094T
Get SCNA: CPCT02110024T
Get SCNA: CPCT02260016T
Get SCNA: CPCT02020715T
Get SCNA: CPCT02070378T
Get SCNA: CPCT02340056T
Get SCNA: CPCT02010786T
Get SCNA: CPCT02070024T
Get SCNA: CPCT02060137T
Get SCNA: CPCT02210085T
Get SCNA: CPCT02160030T
Get SCNA: CPCT02020420T
Get SCNA: CPCT02020960T
Get SCNA: CPCT02050220T
Get SCNA: CPCT02011001T
Get SCNA: CPCT02350002T
Get SCNA: CPCT02240003T
Get SCNA: CPCT02160057T
Get SCNA: CPCT02040017T
Get SCNA: CPCT02020294T
Get SCNA: CPCT02210049T
Get SCNA: CPCT02080254T
Get SCNA: CPCT02050365T
Get SCNA: CPCT02330071T
Get SCNA: CPCT02020919T
Get SCNA: CPCT02120052T
Get SCNA: CPCT02080095T
Get SCNA: CPCT02030315T
Get SCNA: CPCT02120207T
Get SCNA: CPCT02070265T
Get SCNA: CPCT02120004T
Get SCNA: CPCT02020271T
Get SCNA: CPCT02010663T
Get SCNA: CPCT02190049T
Get SCNA: CPCT02010173T
Get SCNA: CPCT02020353T
Get SCNA: CPCT02070064T
Get SCNA: CPCT02220053T
Get SCNA: CPCT02140094TII
Get SCNA: CPCT02020378T
Get SCNA: CPCT02020685T
Get SCNA: CPCT02040012T
Get SCNA: CPCT02050358T
Get SCNA: CPCT02210012T
Get SCNA: CPCT02300015T
Get SCNA: CPCT02020536T
Get SCNA: CPCT02070030T
Get SCNA: CPCT02080156T
Get SCNA: CPCT02230072T
Get SCNA: CPCT02050407T
Get SCNA: CPCT02010994T
Get SCNA: CPCT02010708T
Get SCNA: CPCT02030225T
Get SCNA: CPCT02100104T
Get SCNA: CPCT02010523T
Get SCNA: CPCT02020714T
Get SCNA: CPCT02170002T
Get SCNA: CPCT02020670TII
Get SCNA: CPCT02050278T
Get SCNA: CPCT02070418T
Get SCNA: CPCT02230005T
Get SCNA: CPCT02010902T
Get SCNA: CPCT02120183T
Get SCNA: CPCT02130157T
Get SCNA: CPCT02070141T
Get SCNA: CPCT02030441T
Get SCNA: CPCT02080103T
Get SCNA: CPCT02020194T
Get SCNA: CPCT02020743T
Get SCNA: CPCT02340010TIII
Get SCNA: CPCT02010741T
Get SCNA: CPCT02050013T
Get SCNA: CPCT02030294T
Get SCNA: CPCT02050279T
Get SCNA: CPCT02020924T
Get SCNA: CPCT02020223TII
Get SCNA: CPCT02240001T
Get SCNA: CPCT02050462T
Get SCNA: CPCT02020636T
Get SCNA: CPCT02330042T
Get SCNA: CPCT02140012T
Get SCNA: CPCT02220024T
Get SCNA: CPCT02060255T
Get SCNA: CPCT02080158T
Get SCNA: CPCT02050055TII
Get SCNA: CPCT02440038T
Get SCNA: CPCT02140060T
Get SCNA: CPCT02020868T
Get SCNA: CPCT02010700T
Get SCNA: CPCT02070120T
Get SCNA: CPCT02050281T
Get SCNA: CPCT02070082T
Get SCNA: CPCT02020750T
Get SCNA: CPCT02100129T
Get SCNA: CPCT02340060T
Get SCNA: CPCT02030291T
Get SCNA: CPCT02020351TII
Get SCNA: CPCT02340107T
Get SCNA: CPCT02100066T
Get SCNA: CPCT02010679T
Get SCNA: CPCT02080116T
Get SCNA: CPCT02030380T
Get SCNA: CPCT02040216T
Get SCNA: CPCT02080077T
Get SCNA: CPCT02050243T
Get SCNA: CPCT02300052T
Get SCNA: CPCT02050055T
Get SCNA: CPCT02070144T
Get SCNA: CPCT02050028T
Get SCNA: CPCT02350014T
Get SCNA: CPCT02060246T
Get SCNA: CPCT02140081T
Get SCNA: CPCT02010965T
Get SCNA: CPCT02020429T
Get SCNA: CPCT02120055T
Get SCNA: CPCT02040035T
Get SCNA: CPCT02080193T
Get SCNA: CPCT02270001T
Get SCNA: CPCT02290065T
Get SCNA: CPCT02130047T
Get SCNA: CPCT02020903T
Get SCNA: CPCT02130051T
Get SCNA: CPCT02040119T
Get SCNA: CPCT02010858T
Get SCNA: CPCT02030259TIII
Get SCNA: CPCT02010722T
Get SCNA: CPCT02340081T
Get SCNA: CPCT02100189T
Get SCNA: CPCT02020656T
Get SCNA: CPCT02010904T
Get SCNA: CPCT02140055T
Get SCNA: CPCT02020916T
Get SCNA: CPCT02030482T
Get SCNA: CPCT02040021TII
Get SCNA: CPCT02340099T
Get SCNA: CPCT02010521T
Get SCNA: CPCT02070322T
Get SCNA: CPCT02070241T
Get SCNA: CPCT02070111T
Get SCNA: CPCT02010501T
Get SCNA: CPCT02050216T
Get SCNA: CPCT02020920T
Get SCNA: CPCT02380047T
Get SCNA: CPCT02050075T
Get SCNA: CPCT02160018T
Get SCNA: CPCT02090030T
Get SCNA: CPCT02180064T
Get SCNA: CPCT02080056T
Get SCNA: CPCT02020666T
Get SCNA: CPCT02010340T
Get SCNA: CPCT02250004T
Get SCNA: CPCT02020840T
Get SCNA: CPCT02330037T
Get SCNA: CPCT02230099T
Get SCNA: CPCT02040092T
Get SCNA: CPCT02080169T
Get SCNA: CPCT02220030T
Get SCNA: CPCT02070143T
Get SCNA: CPCT02140101T
Get SCNA: CPCT02030528T
Get SCNA: CPCT02060128T
Get SCNA: CPCT02040294T
Get SCNA: CPCT02050238T
Get SCNA: CPCT02020942T
Get SCNA: CPCT02170019T
Get SCNA: CPCT02010361T
Get SCNA: CPCT02090032T
Get SCNA: CPCT02340115T
Get SCNA: CPCT02010632T
Get SCNA: CPCT02020191T
Get SCNA: CPCT02090042T
Get SCNA: CPCT02020717T
Get SCNA: CPCT02150004T
Get SCNA: CPCT02340104T
Get SCNA: CPCT02020807T
Get SCNA: CPCT02020617T
Get SCNA: CPCT02020906T
Get SCNA: CPCT02020694T
Get SCNA: CPCT02010846T
Get SCNA: CPCT02040230T
Get SCNA: CPCT02380028T
Get SCNA: CPCT02010440T
Get SCNA: CPCT02030245T
Get SCNA: CPCT02020283T
Get SCNA: CPCT02030247T
Get SCNA: CPCT02080055T
Get SCNA: CPCT02410004T
Get SCNA: CPCT02290049T
Get SCNA: CPCT02010710T
Get SCNA: CPCT02060092T
Get SCNA: CPCT02180025T
Get SCNA: CPCT02020371T
Get SCNA: CPCT02070350T
Get SCNA: CPCT02010971T
Get SCNA: CPCT02060142T
Get SCNA: CPCT02080064T
Get SCNA: CPCT02030397T
Get SCNA: CPCT02090065T
Get SCNA: CPCT02050039T
Get SCNA: CPCT02080240T
Get SCNA: CPCT02080070T
Get SCNA: CPCT02010257T
Get SCNA: CPCT02030431T
Get SCNA: CPCT02080070TII
Get SCNA: CPCT02020323T
Get SCNA: CPCT02030556T
Get SCNA: CPCT02160007T
Get SCNA: CPCT02220020T
Get SCNA: CPCT02040093T
Get SCNA: CPCT02130195T
Get SCNA: CPCT02070196T
Get SCNA: CPCT02120172T
Get SCNA: CPCT02040224T
Get SCNA: CPCT02390044T
Get SCNA: CPCT02040036T
Get SCNA: CPCT02080019T
Get SCNA: CPCT02020632T
Get SCNA: CPCT02100138T
Get SCNA: CPCT02011018T
Get SCNA: CPCT02030304T
Get SCNA: CPCT02300043T
Get SCNA: CPCT02290010T
Get SCNA: CPCT02030477T
Get SCNA: CPCT02050234T
Get SCNA: CPCT02020989T
Get SCNA: CPCT02010338T
Get SCNA: CPCT02140021T
Get SCNA: CPCT02010022T
Get SCNA: CPCT02060043T
Get SCNA: CPCT02020700T
Get SCNA: CPCT02070363T
Get SCNA: CPCT02010256TII
Get SCNA: CPCT02270036T
Get SCNA: CPCT02080029TII
Get SCNA: CPCT02250005T
Get SCNA: CPCT02220082T
Get SCNA: CPCT02010455T
Get SCNA: CPCT02020288T
Get SCNA: CPCT02020410T
Get SCNA: CPCT02140065T
Get SCNA: CPCT02030478T
Get SCNA: CPCT02230071T
Get SCNA: CPCT02020521T
Get SCNA: CPCT02170018T
Get SCNA: CPCT02070001T
Get SCNA: CPCT02120158T
Get SCNA: CPCT02410012T
Get SCNA: CPCT02180041T
Get SCNA: CPCT02050184T
Get SCNA: CPCT02100002T
Get SCNA: CPCT02310005T
Get SCNA: CPCT02390002T
Get SCNA: CPCT02050451T
Get SCNA: CPCT02050073T
Get SCNA: CPCT02050288T
Get SCNA: CPCT02020380TII
Get SCNA: CPCT02330075T
Get SCNA: CPCT02220014T
Get SCNA: CPCT02020635T
Get SCNA: CPCT02080226T
Get SCNA: CPCT02440018T
Get SCNA: CPCT02110071T
Get SCNA: CPCT02020513T
Get SCNA: CPCT02230111T
Get SCNA: CPCT02020459T
Get SCNA: CPCT02010035T
Get SCNA: CPCT02010609T
Get SCNA: CPCT02270007T
Get SCNA: CPCT02170013T
Get SCNA: CPCT02010347T
Get SCNA: CPCT02020306T
Get SCNA: CPCT02050167T
Get SCNA: CPCT02350003T
Get SCNA: CPCT02070446T
Get SCNA: CPCT02060277T
Get SCNA: CPCT02390028T
Get SCNA: CPCT02110078T
Get SCNA: CPCT02050339T
Get SCNA: CPCT02030500T
Get SCNA: CPCT02010534T
Get SCNA: CPCT02020730T
Get SCNA: CPCT02300034T
Get SCNA: CPCT02440010T
Get SCNA: CPCT02050176T
Get SCNA: CPCT02020940TII
Get SCNA: CPCT02080110T
Get SCNA: CPCT02020915T
Get SCNA: CPCT02050156T
Get SCNA: CPCT02330049T
Get SCNA: CPCT02020996T
Get SCNA: CPCT02070269T
Get SCNA: CPCT02050260T
Get SCNA: CPCT02050363T
Get SCNA: CPCT02010509T
Get SCNA: CPCT02020983T
Get SCNA: CPCT02010608T
Get SCNA: CPCT02070342T
Get SCNA: CPCT02020770T
Get SCNA: CPCT02070102T
Get SCNA: CPCT02290056T
Get SCNA: CPCT02100044T
Get SCNA: CPCT02090012T
Get SCNA: CPCT02380030T
Get SCNA: CPCT02040172T
Get SCNA: CPCT02020973T
Get SCNA: CPCT02350032T
Get SCNA: CPCT02060261T
Get SCNA: CPCT02020820T
Get SCNA: CPCT02050071T
Get SCNA: CPCT02040234T
Get SCNA: CPCT02020934T
Get SCNA: CPCT02020626T
Get SCNA: CPCT02050289T
Get SCNA: CPCT02020583T
Get SCNA: CPCT02050135T
Get SCNA: CPCT02020620T
Get SCNA: CPCT02030220T
Get SCNA: CPCT02140030T
Get SCNA: CPCT02020483T
Get SCNA: CPCT02010811T
Get SCNA: CPCT02330129T
Get SCNA: CPCT02070365T
Get SCNA: CPCT02070383T
Get SCNA: CPCT02030448T
Get SCNA: CPCT02010940T
Get SCNA: CPCT02020546T
Get SCNA: CPCT02220067T
Get SCNA: CPCT02140106T
Get SCNA: CPCT02040075T
Get SCNA: CPCT02020659T
Get SCNA: CPCT02330045T
Get SCNA: CPCT02020938T
Get SCNA: CPCT02340068T
Get SCNA: CPCT02120180T
Get SCNA: CPCT02060155T
Get SCNA: CPCT02070355T
Get SCNA: CPCT02040077T
Get SCNA: CPCT02050319T
Get SCNA: CPCT02190047T
Get SCNA: CPCT02020464T
Get SCNA: CPCT02040071TII
Get SCNA: CPCT02080273T
Get SCNA: CPCT02230053T
Get SCNA: CPCT02100164T
Get SCNA: CPCT02030227T
Get SCNA: CPCT02010941T
Get SCNA: CPCT02440016T
Get SCNA: CPCT02080131T
Get SCNA: CPCT02020678T
Get SCNA: CPCT02050214T
Get SCNA: CPCT02070231T
Get SCNA: CPCT02060211T
Get SCNA: CPCT02010389T
Get SCNA: CPCT02090050T
Get SCNA: CPCT02310016T
Get SCNA: CPCT02240012T
Get SCNA: CPCT02170036T
Get SCNA: CPCT02020511T
Get SCNA: CPCT02140034T
Get SCNA: CPCT02440012T
Get SCNA: CPCT02070153T
Get SCNA: CPCT02010692T
Get SCNA: CPCT02230055T
Get SCNA: CPCT02020542T
Get SCNA: CPCT02230024T
Get SCNA: CPCT02020299T
Get SCNA: CPCT02030257T
Get SCNA: CPCT02050120T
Get SCNA: CPCT02070422T
Get SCNA: CPCT02010694T
Get SCNA: CPCT02011025T
Get SCNA: CPCT02080184T
Get SCNA: CPCT02090035T
Get SCNA: CPCT02030487T
Get SCNA: CPCT02030356T
Get SCNA: CPCT02030484T
Get SCNA: CPCT02020887T
Get SCNA: CPCT02140079T
Get SCNA: CPCT02120148T
Get SCNA: CPCT02020650T
Get SCNA: CPCT02250003T
Get SCNA: CPCT02010500T
Get SCNA: CPCT02010260T
Get SCNA: CPCT02070371T
Get SCNA: CPCT02050037T
Get SCNA: CPCT02010757T
Get SCNA: CPCT02040269T
Get SCNA: CPCT02100076T
Get SCNA: CPCT02140029T
Get SCNA: CPCT02290041T
Get SCNA: CPCT02100140T
Get SCNA: CPCT02120047TII
Get SCNA: CPCT02080282T
Get SCNA: CPCT02290048T
Get SCNA: CPCT02070470T
Get SCNA: CPCT02170035T
Get SCNA: CPCT02120048T
Get SCNA: CPCT02070010T
Get SCNA: CPCT02180076T
Get SCNA: CPCT02100024T
Get SCNA: CPCT02011006T
Get SCNA: CPCT02130155T
Get SCNA: CPCT02020822T
Get SCNA: CPCT02030434T
Get SCNA: CPCT02030455T
Get SCNA: CPCT02160037T
Get SCNA: CPCT02050058T
Get SCNA: CPCT02140070T
Get SCNA: CPCT02010537T
Get SCNA: CPCT02370002TII
Get SCNA: CPCT02340047T
Get SCNA: CPCT02370031T
Get SCNA: CPCT02120195T
Get SCNA: CPCT02080016T
Get SCNA: CPCT02050258T
Get SCNA: CPCT02450016T
Get SCNA: CPCT02370015T
Get SCNA: CPCT02120108T
Get SCNA: CPCT02140104T
Get SCNA: CPCT02010667T
Get SCNA: CPCT02050348T
Get SCNA: CPCT02330025T
Get SCNA: CPCT02100029T
Get SCNA: CPCT02080100T
Get SCNA: CPCT02020958T
Get SCNA: CPCT02370024T
Get SCNA: CPCT02110008T
Get SCNA: CPCT02011052T
Get SCNA: CPCT02070039T
Get SCNA: CPCT02040048T
Get SCNA: CPCT02220041T
Get SCNA: CPCT02050341T
Get SCNA: CPCT02450004T
Get SCNA: CPCT02080283T
Get SCNA: CPCT02060125T
Get SCNA: CPCT02120165T
Get SCNA: CPCT02080323T
Get SCNA: CPCT02060116T
Get SCNA: CPCT02130082T
Get SCNA: CPCT02020801T
Get SCNA: CPCT02030430T
Get SCNA: CPCT02030350T
Get SCNA: CPCT02120203T
Get SCNA: CPCT02060075T
Get SCNA: CPCT02340026T
Get SCNA: CPCT02080014TII
Get SCNA: CPCT02060181T
Get SCNA: CPCT02040058T
Get SCNA: CPCT02010529T
Get SCNA: CPCT02060191T
Get SCNA: CPCT02100125T
Get SCNA: CPCT02010503T
Get SCNA: CPCT02020671T
Get SCNA: CPCT02090019T
Get SCNA: CPCT02210051T
Get SCNA: CPCT02010549T
Get SCNA: CPCT02080091T
Get SCNA: CPCT02120088T
Get SCNA: CPCT02390006T
Get SCNA: CPCT02330139T
Get SCNA: CPCT02120177T
Get SCNA: CPCT02070140T
Get SCNA: CPCT02070070T
Get SCNA: CPCT02160015T
Get SCNA: CPCT02330128T
Get SCNA: CPCT02030468T
Get SCNA: CPCT02040214T
Get SCNA: CPCT02020491T
Get SCNA: CPCT02010598T
Get SCNA: CPCT02050053T
Get SCNA: CPCT02080118T
Get SCNA: CPCT02070252T
Get SCNA: CPCT02020762T
Get SCNA: CPCT02050051T
Get SCNA: CPCT02090059T
Get SCNA: CPCT02020559T
Get SCNA: CPCT02060054T
Get SCNA: CPCT02210033T
Get SCNA: CPCT02070172T
Get SCNA: CPCT02340078T
Get SCNA: CPCT02170029T
Get SCNA: CPCT02020918TII
Get SCNA: CPCT02100051T
Get SCNA: CPCT02230090T
Get SCNA: CPCT02050291T
Get SCNA: CPCT02210040T
Get SCNA: CPCT02120124T
Get SCNA: CPCT02030331T
Get SCNA: CPCT02020295T
Get SCNA: CPCT02340066TII
Get SCNA: CPCT02030289T
Get SCNA: CPCT02010646T
Get SCNA: CPCT02050160T
Get SCNA: CPCT02130105T
Get SCNA: CPCT02050183T
Get SCNA: CPCT02030233T
Get SCNA: CPCT02100067TII
Get SCNA: CPCT02050079T
Get SCNA: CPCT02040338T
Get SCNA: CPCT02080048T
Get SCNA: CPCT02010268T
Get SCNA: CPCT02390011T
Get SCNA: CPCT02080225T
Get SCNA: CPCT02010780T
Get SCNA: CPCT02050174T
Get SCNA: CPCT02170031T
Get SCNA: CPCT02050297T
Get SCNA: CPCT02040140T
Get SCNA: CPCT02020171T
Get SCNA: CPCT02210034T
Get SCNA: CPCT02140023T
Get SCNA: CPCT02120118T
Get SCNA: CPCT02020526T
Get SCNA: CPCT02070193T
Get SCNA: CPCT02020848T
Get SCNA: CPCT02040266T
Get SCNA: CPCT02100117T
Get SCNA: CPCT02040299TII
Get SCNA: CPCT02020914T
Get SCNA: CPCT02110031T
Get SCNA: CPCT02020258TII
Get SCNA: CPCT02230047T
Get SCNA: CPCT02040235T
Get SCNA: CPCT02040051T
Get SCNA: CPCT02090014T
Get SCNA: CPCT02080153T
Get SCNA: CPCT02330041T
Get SCNA: CPCT02040215T
Get SCNA: CPCT02020964T
Get SCNA: CPCT02110029T
Get SCNA: CPCT02010756T
Get SCNA: CPCT02180020T
Get SCNA: CPCT02030426T
Get SCNA: CPCT02180023T
Get SCNA: CPCT02070483T
Get SCNA: CPCT02010880T
Get SCNA: CPCT02011088T
Get SCNA: CPCT02010324T
Get SCNA: CPCT02080197T
Get SCNA: CPCT02080281T
Get SCNA: CPCT02020444T
Get SCNA: CPCT02110073T
Get SCNA: CPCT02350020T
Get SCNA: CPCT02250006T
Get SCNA: CPCT02210007T
Get SCNA: CPCT02130172T
Get SCNA: CPCT02150013T
Get SCNA: CPCT02330074T
Get SCNA: CPCT02030351T
Get SCNA: CPCT02230093T
Get SCNA: CPCT02010356T
Get SCNA: CPCT02210064T
Get SCNA: CPCT02120062T
Get SCNA: CPCT02010359TII
Get SCNA: CPCT02020744T
Get SCNA: CPCT02010815T
Get SCNA: CPCT02020308T
Get SCNA: CPCT02010851T
Get SCNA: CPCT02010648T
Get SCNA: CPCT02150005T
Get SCNA: CPCT02180003T
Get SCNA: CPCT02060235T
Get SCNA: CPCT02330099T
Get SCNA: CPCT02060050T
Get SCNA: CPCT02080052T
Get SCNA: CPCT02080304T
Get SCNA: CPCT02100159T
Get SCNA: CPCT02020863T
Get SCNA: CPCT02020405T
Get SCNA: CPCT02290032T
Get SCNA: CPCT02140086T
Get SCNA: CPCT02300002T
Get SCNA: CPCT02330073T
Get SCNA: CPCT02120119T
Get SCNA: CPCT02350009T
Get SCNA: CPCT02030250T
Get SCNA: CPCT02020657T
Get SCNA: CPCT02180022T
Get SCNA: CPCT02020426T
Get SCNA: CPCT02020797T
Get SCNA: CPCT02040267T
Get SCNA: CPCT02100032T
Get SCNA: CPCT02290054T
Get SCNA: CPCT02090002T
Get SCNA: CPCT02120027T
Get SCNA: CPCT02010979T
Get SCNA: CPCT02370037T
Get SCNA: CPCT02100157T
Get SCNA: CPCT02050202T
Get SCNA: CPCT02210018T
Get SCNA: CPCT02070208T
Get SCNA: CPCT02020579T
Get SCNA: CPCT02020333T
Get SCNA: CPCT02010468T
Get SCNA: CPCT02320001T
Get SCNA: CPCT02010722TII
Get SCNA: CPCT02030332T
Get SCNA: CPCT02010918T
Get SCNA: CPCT02340010TII
Get SCNA: CPCT02010255T
Get SCNA: CPCT02030464T
Get SCNA: CPCT02110089T
Get SCNA: CPCT02020970T
Get SCNA: CPCT02030445T
Get SCNA: CPCT02110079T
Get SCNA: CPCT02050342TII
Get SCNA: CPCT02010483T
Get SCNA: CPCT02020827T
Get SCNA: CPCT02130013T
Get SCNA: CPCT02020646T
Get SCNA: CPCT02010661T
Get SCNA: CPCT02040145T
Get SCNA: CPCT02040202T
Get SCNA: CPCT02010269T
Get SCNA: CPCT02210074T
Get SCNA: CPCT02010596T
Get SCNA: CPCT02120077T
Get SCNA: CPCT02020509T
Get SCNA: CPCT02020788T
Get SCNA: CPCT02140041TII
Get SCNA: CPCT02010377T
Get SCNA: CPCT02060059T
Get SCNA: CPCT02010429T
Get SCNA: CPCT02190041T
Get SCNA: CPCT02100094T
Get SCNA: CPCT02220026T
Get SCNA: CPCT02060290T
Get SCNA: CPCT02080024T
Get SCNA: CPCT02390034T
Get SCNA: CPCT02020615T
Get SCNA: CPCT02200007T
Get SCNA: CPCT02080067T
Get SCNA: CPCT02010649T
Get SCNA: CPCT02110047T
Get SCNA: CPCT02070318T
Get SCNA: CPCT02060265T
Get SCNA: CPCT02230025T
Get SCNA: CPCT02020940T
Get SCNA: CPCT02050398T
Get SCNA: CPCT02120066T
Get SCNA: CPCT02030506T
Get SCNA: CPCT02050146T
Get SCNA: CPCT02120047T
Get SCNA: CPCT02020918T
Get SCNA: CPCT02080248T
Get SCNA: CPCT02020982T
Get SCNA: CPCT02290052T
Get SCNA: CPCT02020373T
Get SCNA: CPCT02030303T
Get SCNA: CPCT02120102T
Get SCNA: CPCT02010366T
Get SCNA: CPCT02030555T
Get SCNA: CPCT02080105T
Get SCNA: CPCT02010352T
Get SCNA: CPCT02100187T
Get SCNA: CPCT02060110T
Get SCNA: CPCT02230106T
Get SCNA: CPCT02390037T
Get SCNA: CPCT02300005T
Get SCNA: CPCT02010508T
Get SCNA: CPCT02020239T
Get SCNA: CPCT02230096T
Get SCNA: CPCT02050138T
Get SCNA: CPCT02020580T
Get SCNA: CPCT02310017T
Get SCNA: CPCT02180052T
Get SCNA: CPCT02210059T
Get SCNA: CPCT02100203T
Get SCNA: CPCT02230128T
Get SCNA: CPCT02020931T
Get SCNA: CPCT02010452T
Get SCNA: CPCT02011020T
Get SCNA: CPCT02330143T
Get SCNA: CPCT02010776T
Get SCNA: CPCT02030335T
Get SCNA: CPCT02190029T
Get SCNA: CPCT02360022T
Get SCNA: CPCT02100075T
Get SCNA: CPCT02020565T
Get SCNA: CPCT02030396T
Get SCNA: CPCT02210077T
Get SCNA: CPCT02230066T
Get SCNA: CPCT02030465T
Get SCNA: CPCT02050399T
Get SCNA: CPCT02050343T
Get SCNA: CPCT02240011T
Get SCNA: CPCT02100080T
Get SCNA: CPCT02120099T
Get SCNA: CPCT02020781T
Get SCNA: CPCT02030355T
Get SCNA: CPCT02020682T
Get SCNA: CPCT02050380T
Get SCNA: CPCT02030387T
Get SCNA: CPCT02070485T
Get SCNA: CPCT02050325T
Get SCNA: CPCT02020445T
Get SCNA: CPCT02030221T
Get SCNA: CPCT02050209T
Get SCNA: CPCT02120007T
Get SCNA: CPCT02011045T
Get SCNA: CPCT02050299T
Get SCNA: CPCT02040205T
Get SCNA: CPCT02090020T
Get SCNA: CPCT02030368T
Get SCNA: CPCT02040334T
Get SCNA: CPCT02050193T
Get SCNA: CPCT02050163T
Get SCNA: CPCT02020544T
Get SCNA: CPCT02210054T
Get SCNA: CPCT02310008T
Get SCNA: CPCT02010666T
Get SCNA: CPCT02190031T
Get SCNA: CPCT02020759T
Get SCNA: CPCT02050295T
Get SCNA: CPCT02010434T
Get SCNA: CPCT02170024T
Get SCNA: CPCT02070361T
Get SCNA: CPCT02160013T
Get SCNA: CPCT02010567T
Get SCNA: CPCT02060112T
Get SCNA: CPCT02330017T
Get SCNA: CPCT02050344T
Get SCNA: CPCT02070370T
Get SCNA: CPCT02050447T
Get SCNA: CPCT02130032T
Get SCNA: CPCT02070416T
Get SCNA: CPCT02140037T
Get SCNA: CPCT02050035T
Get SCNA: CPCT02011057T
Get SCNA: CPCT02080122T
Get SCNA: CPCT02270043T
Get SCNA: CPCT02140075T
Get SCNA: CPCT02020234T
Get SCNA: CPCT02290011T
Get SCNA: CPCT02050159T
Get SCNA: CPCT02140093T
Get SCNA: CPCT02020305T
Get SCNA: CPCT02080136T
Get SCNA: CPCT02290031T
Get SCNA: CPCT02050362T
Get SCNA: CPCT02010569T
Get SCNA: CPCT02140045T
Get SCNA: CPCT02030422T
Get SCNA: CPCT02080257T
Get SCNA: CPCT02120198T
Get SCNA: CPCT02070125T
Get SCNA: CPCT02070409T
Get SCNA: CPCT02020533T
Get SCNA: CPCT02180026T
Get SCNA: CPCT02080234T
Get SCNA: CPCT02050032T
Get SCNA: CPCT02230023T
Get SCNA: CPCT02070145T
Get SCNA: CPCT02120090T
Get SCNA: CPCT02140042T
Get SCNA: CPCT02020648T
Get SCNA: CPCT02360008T
Get SCNA: CPCT02070301T
Get SCNA: CPCT02010924T
Get SCNA: CPCT02040257T
Get SCNA: CPCT02070133T
Get SCNA: CPCT02030279T
Get SCNA: CPCT02020369T
Get SCNA: CPCT02010706T
Get SCNA: CPCT02010433T
Get SCNA: CPCT02050068T
Get SCNA: CPCT02100169T
Get SCNA: CPCT02140056T
Get SCNA: CPCT02040069T
Get SCNA: CPCT02050438T
Get SCNA: CPCT02080322T
Get SCNA: CPCT02050317T
Get SCNA: CPCT02020784T
Get SCNA: CPCT02010359T
Get SCNA: CPCT02220079T
Get SCNA: CPCT02080177T
Get SCNA: CPCT02350027T
Get SCNA: CPCT02010728T
Get SCNA: CPCT02290061T
Get SCNA: CPCT02020662T
Get SCNA: CPCT02070151T
Get SCNA: CPCT02040039T
Get SCNA: CPCT02070033T
Get SCNA: CPCT02010995T
Get SCNA: CPCT02070276T
Get SCNA: CPCT02020554T
Get SCNA: CPCT02330132T
Get SCNA: CPCT02050166T
Get SCNA: CPCT02010972T
Get SCNA: CPCT02010730T
Get SCNA: CPCT02130118T
Get SCNA: CPCT02010240T
Get SCNA: CPCT02330036T
Get SCNA: CPCT02050240T
Get SCNA: CPCT02290050T
Get SCNA: CPCT02030459T
Get SCNA: CPCT02170020T
Get SCNA: CPCT02220045T
Get SCNA: CPCT02140007T
Get SCNA: CPCT02020723T
Get SCNA: CPCT02060022T
Get SCNA: CPCT02011094T
Get SCNA: CPCT02030374T
Get SCNA: CPCT02300006T
Get SCNA: CPCT02210001T
Get SCNA: CPCT02130014T
Get SCNA: CPCT02360018T
Get SCNA: CPCT02020413T
Get SCNA: CPCT02120073T
Get SCNA: CPCT02080294T
Get SCNA: CPCT02070299T
Get SCNA: CPCT02100009T
Get SCNA: CPCT02080288T
Get SCNA: CPCT02050091T
Get SCNA: CPCT02040043T
Get SCNA: CPCT02020633T
Get SCNA: CPCT02370036T
Get SCNA: CPCT02320011T
Get SCNA: CPCT02220060T
Get SCNA: CPCT02340042T
Get SCNA: CPCT02340008T
Get SCNA: CPCT02140041TIV
Get SCNA: CPCT02010227T
Get SCNA: CPCT02060082T
Get SCNA: CPCT02010742T
Get SCNA: CPCT02330072TII
Get SCNA: CPCT02330061T
Get SCNA: CPCT02100041T
Get SCNA: CPCT02040067T
Get SCNA: CPCT02030447T
Get SCNA: CPCT02050307T
Get SCNA: CPCT02380024T
Get SCNA: CPCT02010935T
Get SCNA: CPCT02010481T
Get SCNA: CPCT02080253T
Get SCNA: CPCT02060094T
Get SCNA: CPCT02040038T
Get SCNA: CPCT02010587T
Get SCNA: CPCT02340057T
Get SCNA: CPCT02300050T
Get SCNA: CPCT02370016T
Get SCNA: CPCT02210041T
Get SCNA: CPCT02140074T
Get SCNA: CPCT02230035T
Get SCNA: CPCT02011040TII
Get SCNA: CPCT02020452T
Get SCNA: CPCT02270030T
Get SCNA: CPCT02020800T
Get SCNA: CPCT02070177T
Get SCNA: CPCT02210008T
Get SCNA: CPCT02010712T
Get SCNA: CPCT02030323T
Get SCNA: CPCT02011059T
Get SCNA: CPCT02010881T
Get SCNA: CPCT02030492T
Get SCNA: CPCT02050085T
Get SCNA: CPCT02050148T
Get SCNA: CPCT02190012T
Get SCNA: CPCT02010298T
Get SCNA: CPCT02030366T
Get SCNA: CPCT02370027T
Get SCNA: CPCT02020938TII
Get SCNA: CPCT02010497T
Get SCNA: CPCT02050113T
Get SCNA: CPCT02180033T
Get SCNA: CPCT02310012T
Get SCNA: CPCT02050186T
Get SCNA: CPCT02020895T
Get SCNA: CPCT02110101T
Get SCNA: CPCT02050355T
Get SCNA: CPCT02020520T
Get SCNA: CPCT02380020T
Get SCNA: CPCT02210014T
Get SCNA: CPCT02010621T
Get SCNA: CPCT02210025T
Get SCNA: CPCT02060138T
Get SCNA: CPCT02030361T
Get SCNA: CPCT02370022T
Get SCNA: CPCT02020837T
Get SCNA: CPCT02020977T
Get SCNA: CPCT02010936T
Get SCNA: CPCT02130186T
Get SCNA: CPCT02340041T
Get SCNA: CPCT02030502T
Get SCNA: CPCT02340112T
Get SCNA: CPCT02020345TII
Get SCNA: CPCT02040068T
Get SCNA: CPCT02010807T
Get SCNA: CPCT02340071T
Get SCNA: CPCT02370005T
Get SCNA: CPCT02390008T
Get SCNA: CPCT02260012T
Get SCNA: CPCT02370006T
Get SCNA: CPCT02100048T
Get SCNA: CPCT02120150T
Get SCNA: CPCT02070466T
Get SCNA: CPCT02011019T
Get SCNA: CPCT02160059T
Get SCNA: CPCT02180014T
Get SCNA: CPCT02080308T
Get SCNA: CPCT02080292T
Get SCNA: CPCT02340001T
Get SCNA: CPCT02370020T
Get SCNA: CPCT02020493TII
Get SCNA: CPCT02070020T
Get SCNA: CPCT02350007T
Get SCNA: CPCT02340088T
Get SCNA: CPCT02140004TII
Get SCNA: CPCT02020218T
Get SCNA: CPCT02050450T
Get SCNA: CPCT02120154T
Get SCNA: CPCT02340010T
Get SCNA: CPCT02140017TII
Get SCNA: CPCT02050217T
Get SCNA: CPCT02080066T
Get SCNA: CPCT02140046T
Get SCNA: CPCT02060179T
Get SCNA: CPCT02340070T
Get SCNA: CPCT02070280T
Get SCNA: CPCT02020494T
Get SCNA: CPCT02380023T
Get SCNA: CPCT02180068T
Get SCNA: CPCT02080242T
Get SCNA: CPCT02080181T
Get SCNA: CPCT02120054T
Get SCNA: CPCT02060245T
Get SCNA: CPCT02080047T
Get SCNA: CPCT02010545T
Get SCNA: CPCT02020543T
Get SCNA: CPCT02100056T
Get SCNA: CPCT02170017T
Get SCNA: CPCT02060161T
Get SCNA: CPCT02020560T
Get SCNA: CPCT02220063T
Get SCNA: CPCT02050314T
Get SCNA: CPCT02020609T
Get SCNA: CPCT02140039T
Get SCNA: CPCT02380035T
Get SCNA: CPCT02020673T
Get SCNA: CPCT02030349T
Get SCNA: CPCT02050157T
Get SCNA: CPCT02070474T
Get SCNA: CPCT02130041T
Get SCNA: CPCT02020514T
Get SCNA: CPCT02020991T
Get SCNA: CPCT02100207T
Get SCNA: CPCT02010623T
Get SCNA: CPCT02050405T
Get SCNA: CPCT02010547T
Get SCNA: CPCT02010471T
Get SCNA: CPCT02070064TII
Get SCNA: CPCT02260029T
Get SCNA: CPCT02130059T
Get SCNA: CPCT02210031T
Get SCNA: CPCT02060015T
Get SCNA: CPCT02090015T
Get SCNA: CPCT02100145T
Get SCNA: CPCT02120061T
Get SCNA: CPCT02390001TII
Get SCNA: CPCT02020506TII
Get SCNA: CPCT02020829T
Get SCNA: CPCT02020476T
Get SCNA: CPCT02270041T
Get SCNA: CPCT02050092T
Get SCNA: CPCT02220050T
Get SCNA: CPCT02090064T
Get SCNA: CPCT02070200T
Get SCNA: CPCT02010565T
Get SCNA: CPCT02011047T
Get SCNA: CPCT02010312TII
Get SCNA: CPCT02060150T
Get SCNA: CPCT02070053T
Get SCNA: CPCT02070171T
Get SCNA: CPCT02010123T
Get SCNA: CPCT02050048T
Get SCNA: CPCT02130173T
Get SCNA: CPCT02350029T
Get SCNA: CPCT02050141T
Get SCNA: CPCT02030305T
Get SCNA: CPCT02010414T
Get SCNA: CPCT02010727T
Get SCNA: CPCT02010611T
Get SCNA: CPCT02130010T
Get SCNA: CPCT02040107T
Get SCNA: CPCT02230108T
Get SCNA: CPCT02340066TIV
Get SCNA: CPCT02330082T
Get SCNA: CPCT02070245T
Get SCNA: CPCT02050347T
Get SCNA: CPCT02030513T
Get SCNA: CPCT02040188T
Get SCNA: CPCT02040115T
Get SCNA: CPCT02070463T
Get SCNA: CPCT02080266TII
Get SCNA: CPCT02160004T
Get SCNA: CPCT02010776TII
Get SCNA: CPCT02330085T
Get SCNA: CPCT02010966T
Get SCNA: CPCT02020441T
Get SCNA: CPCT02050088T
Get SCNA: CPCT02030454T
Get SCNA: CPCT02170003T
Get SCNA: CPCT02011106T
Get SCNA: CPCT02050375T
Get SCNA: CPCT02021009T
Get SCNA: CPCT02050168T
Get SCNA: CPCT02330052T
Get SCNA: CPCT02380033T
Get SCNA: CPCT02020377T
Get SCNA: CPCT02010731T
Get SCNA: CPCT02020279T
Get SCNA: CPCT02020160TIII
Get SCNA: CPCT02110013T
Get SCNA: CPCT02330104T
Get SCNA: CPCT02020767T
Get SCNA: CPCT02020597TIII
Get SCNA: CPCT02020247T
Get SCNA: CPCT02120182T
Get SCNA: CPCT02100061T
Get SCNA: CPCT02040351T
Get SCNA: CPCT02110015T
Get SCNA: CPCT02010369T
Get SCNA: CPCT02050182T
Get SCNA: CPCT02340077T
Get SCNA: CPCT02010874T
Get SCNA: CPCT02310006T
Get SCNA: CPCT02040113T
Get SCNA: CPCT02150033T
Get SCNA: CPCT02400002T
Get SCNA: CPCT02210011T
Get SCNA: CPCT02150018T
Get SCNA: CPCT02020185T
Get SCNA: CPCT02011105T
Get SCNA: CPCT02030278T
Get SCNA: CPCT02020203T
Get SCNA: CPCT02070257T
Get SCNA: CPCT02100039T
Get SCNA: CPCT02240007T
Get SCNA: CPCT02070338T
Get SCNA: CPCT02350021T
Get SCNA: CPCT02020486T
Get SCNA: CPCT02030490T
Get SCNA: CPCT02010439T
Get SCNA: CPCT02030337TII
Get SCNA: CPCT02070101T
Get SCNA: CPCT02370008T
Get SCNA: CPCT02010246T
Get SCNA: CPCT02010436T
Get SCNA: CPCT02010769T
Get SCNA: CPCT02330034T
Get SCNA: CPCT02010938T
Get SCNA: CPCT02030461T
Get SCNA: CPCT02130065T
Get SCNA: CPCT02130164T
Get SCNA: CPCT02010600T
Get SCNA: CPCT02290024T
Get SCNA: CPCT02010891T
Get SCNA: CPCT02050246T
Get SCNA: CPCT02130030T
Get SCNA: CPCT02170012T
Get SCNA: CPCT02080180T
Get SCNA: CPCT02380054T
Get SCNA: CPCT02020541T
Get SCNA: CPCT02030234T
Get SCNA: CPCT02080079T
Get SCNA: CPCT02410008T
Get SCNA: CPCT02010533T
Get SCNA: CPCT02070447T
Get SCNA: CPCT02080227T
Get SCNA: CPCT02010665T
Get SCNA: CPCT02190054T
Get SCNA: CPCT02030499T
Get SCNA: CPCT02040219T
Get SCNA: CPCT02030493T
Get SCNA: CPCT02011108T
Get SCNA: CPCT02010473T
Get SCNA: CPCT02070397T
Get SCNA: CPCT02020320T
Get SCNA: CPCT02060249T
Get SCNA: CPCT02010981T
Get SCNA: CPCT02040152T
Get SCNA: CPCT02160020T
Get SCNA: CPCT02050276TII
Get SCNA: CPCT02020968T
Get SCNA: CPCT02210083T
Get SCNA: CPCT02011003T
Get SCNA: CPCT02260022T
Get SCNA: CPCT02230060T
Get SCNA: CPCT02230120TII
Get SCNA: CPCT02160035T
Get SCNA: CPCT02060214T
Get SCNA: CPCT02050142T
Get SCNA: CPCT02070406T
Get SCNA: CPCT02020236T
Get SCNA: CPCT02140089T
Get SCNA: CPCT02050300T
Get SCNA: CPCT02060143T
Get SCNA: CPCT02030353T
Get SCNA: CPCT02070274T
Get SCNA: CPCT02120029T
Get SCNA: CPCT02050076TII
Get SCNA: CPCT02230013T
Get SCNA: CPCT02390003T
Get SCNA: CPCT02330053T
Get SCNA: CPCT02040170T
Get SCNA: CPCT02030280T
Get SCNA: CPCT02050269T
Get SCNA: CPCT02050040T
Get SCNA: CPCT02110104T
Get SCNA: CPCT02030532T
Get SCNA: CPCT02160026T
Get SCNA: CPCT02150026T
Get SCNA: CPCT02360017T
Get SCNA: CPCT02070341T
Get SCNA: CPCT02020930T
Get SCNA: CPCT02110056T
Get SCNA: CPCT02060135T
Get SCNA: CPCT02110103T
Get SCNA: CPCT02070394T
Get SCNA: CPCT02070401T
Get SCNA: CPCT02190003T
Get SCNA: CPCT02340084T
Get SCNA: CPCT02020315T
Get SCNA: CPCT02230117T
Get SCNA: CPCT02190050T
Get SCNA: CPCT02230097T
Get SCNA: CPCT02140006T
Get SCNA: CPCT02010768T
Get SCNA: CPCT02370012T
Get SCNA: CPCT02340018T
Get SCNA: CPCT02120012T
Get SCNA: CPCT02010362T
Get SCNA: CPCT02130057T
Get SCNA: CPCT02080033T
Get SCNA: CPCT02010865T
Get SCNA: CPCT02050356T
Get SCNA: CPCT02050127T
Get SCNA: CPCT02020343T
Get SCNA: CPCT02030394T
Get SCNA: CPCT02030472T
Get SCNA: CPCT02010122T
Get SCNA: CPCT02020386T
Get SCNA: CPCT02070331T
Get SCNA: CPCT02380045T
Get SCNA: CPCT02220031T
Get SCNA: CPCT02050235T
Get SCNA: CPCT02030242T
Get SCNA: CPCT02020383T
Get SCNA: CPCT02020773T
Get SCNA: CPCT02100156T
Get SCNA: CPCT02090063T
Get SCNA: CPCT02060275T
Get SCNA: CPCT02270029T
Get SCNA: CPCT02050335T
Get SCNA: CPCT02080261T
Get SCNA: CPCT02020342T
Get SCNA: CPCT02270009T
Get SCNA: CPCT02010409T
Get SCNA: CPCT02130003T
Get SCNA: CPCT02050170T
Get SCNA: CPCT02020897T
Get SCNA: CPCT02011069T
Get SCNA: CPCT02230034T
Get SCNA: CPCT02050402T
Get SCNA: CPCT02380019T
Get SCNA: CPCT02100035T
Get SCNA: CPCT02020499T
Get SCNA: CPCT02010255TII
Get SCNA: CPCT02010738T
Get SCNA: CPCT02370026T
Get SCNA: CPCT02130154T
Get SCNA: CPCT02010739T
Get SCNA: CPCT02020577T
Get SCNA: CPCT02150038T
Get SCNA: CPCT02010454T
Get SCNA: CPCT02290030T
Get SCNA: CPCT02450008T
Get SCNA: CPCT02040027T
Get SCNA: CPCT02030560T
Get SCNA: CPCT02020535T
Get SCNA: CPCT02170009T
Get SCNA: CPCT02080027T
Get SCNA: CPCT02080128T
Get SCNA: CPCT02330006T
Get SCNA: CPCT02020433T
Get SCNA: CPCT02120037T
Get SCNA: CPCT02020979T
Get SCNA: CPCT02080236T
Get SCNA: CPCT02030505T
Get SCNA: CPCT02100188T
Get SCNA: CPCT02120147T
Get SCNA: CPCT02020664T
Get SCNA: CPCT02020245T
Get SCNA: CPCT02140091T
Get SCNA: CPCT02020952T
Get SCNA: CPCT02040160T
Get SCNA: CPCT02270035T
Get SCNA: CPCT02110040T
Get SCNA: CPCT02020859T
Get SCNA: CPCT02070074T
Get SCNA: CPCT02070122T
Get SCNA: CPCT02150014T
Get SCNA: CPCT02210045T
Get SCNA: CPCT02060103T
Get SCNA: CPCT02150019T
Get SCNA: CPCT02150027T
Get SCNA: CPCT02390038T
Get SCNA: CPCT02140022T
Get SCNA: CPCT02020956T
Get SCNA: CPCT02070351T
Get SCNA: CPCT02210046T
Get SCNA: CPCT02160019T
Get SCNA: CPCT02020600T
Get SCNA: CPCT02040031T
Get SCNA: CPCT02440001T
Get SCNA: CPCT02060147T
Get SCNA: CPCT02030261T
Get SCNA: CPCT02030537T
Get SCNA: CPCT02130085T
Get SCNA: CPCT02370001T
Get SCNA: CPCT02130046T
Get SCNA: CPCT02060077T
Get SCNA: CPCT02120179T
Get SCNA: CPCT02110059T
Get SCNA: CPCT02290017T
Get SCNA: CPCT02070139T
Get SCNA: CPCT02010250T
Get SCNA: CPCT02230065T
Get SCNA: CPCT02030425T
Get SCNA: CPCT02100058T
Get SCNA: CPCT02020314T
Get SCNA: CPCT02150025T
Get SCNA: CPCT02070127T
Get SCNA: CPCT02010695T
Get SCNA: CPCT02060010T
Get SCNA: CPCT02070092T
Get SCNA: CPCT02040331T
Get SCNA: CPCT02300038T
Get SCNA: CPCT02160029T
Get SCNA: CPCT02020734T
Get SCNA: CPCT02010477T
Get SCNA: CPCT02230042T
Get SCNA: CPCT02050108T
Get SCNA: CPCT02050252T
Get SCNA: CPCT02130031T
Get SCNA: CPCT02020555T
Get SCNA: CPCT02220029T
Get SCNA: CPCT02080296T
Get SCNA: CPCT02070223T
Get SCNA: CPCT02120016T
Get SCNA: CPCT02011028T
Get SCNA: CPCT02010398T
Get SCNA: CPCT02030239T
Get SCNA: CPCT02120091T
Get SCNA: CPCT02060294T
Get SCNA: CPCT02090005T
Get SCNA: CPCT02020466T
Get SCNA: CPCT02340049T
Get SCNA: CPCT02080208T
Get SCNA: CPCT02070107TII
Get SCNA: CPCT02130096T
Get SCNA: CPCT02010947T
Get SCNA: CPCT02070272T
Get SCNA: CPCT02010415T
Get SCNA: CPCT02220032T
Get SCNA: CPCT02080168T
Get SCNA: CPCT02230006T
Get SCNA: CPCT02011077T
Get SCNA: CPCT02020423T
Get SCNA: CPCT02010915T
Get SCNA: CPCT02020867T
Get SCNA: CPCT02100115T
Get SCNA: CPCT02390040T
Get SCNA: CPCT02310018T
Get SCNA: CPCT02010595T
Get SCNA: CPCT02020465T
Get SCNA: CPCT02140091TII
Get SCNA: CPCT02050124T
Get SCNA: CPCT02260007T
Get SCNA: CPCT02390015T
Get SCNA: CPCT02070110T
Get SCNA: CPCT02130091T
Get SCNA: CPCT02030522T
Get SCNA: CPCT02020922T
Get SCNA: CPCT02050109T
Get SCNA: CPCT02030364T
Get SCNA: CPCT02260021T
Get SCNA: CPCT02020951T
Get SCNA: CPCT02340097T
Get SCNA: CPCT02010746T
Get SCNA: CPCT02020224TII
Get SCNA: CPCT02110011T
Get SCNA: CPCT02030498T
Get SCNA: CPCT02380044T
Get SCNA: CPCT02050256T
Get SCNA: CPCT02080302T
Get SCNA: CPCT02020573T
Get SCNA: CPCT02080025T
Get SCNA: CPCT02010063T
Get SCNA: CPCT02030435T
Get SCNA: CPCT02020696T
Get SCNA: CPCT02140087T
Get SCNA: CPCT02030483T
Get SCNA: CPCT02100019T
Get SCNA: CPCT02020966T
Get SCNA: CPCT02070162T
Get SCNA: CPCT02030324T
Get SCNA: CPCT02070055T
Get SCNA: CPCT02050390T
Get SCNA: CPCT02080204T
Get SCNA: CPCT02010438T
Get SCNA: CPCT02050315T
Get SCNA: CPCT02020460T
Get SCNA: CPCT02080200T
Get SCNA: CPCT02010494T
Get SCNA: CPCT02230045T
Get SCNA: CPCT02050308T
Get SCNA: CPCT02070384T
Get SCNA: CPCT02070295T
Get SCNA: CPCT02230109T
Get SCNA: CPCT02100194T
Get SCNA: CPCT02020380T
Get SCNA: CPCT02050283T
Get SCNA: CPCT02100121T
Get SCNA: CPCT02010351T
Get SCNA: CPCT02040078T
Get SCNA: CPCT02100064T
Get SCNA: CPCT02010557T
Get SCNA: CPCT02010658T
Get SCNA: CPCT02290036T
Get SCNA: CPCT02100028T
Get SCNA: CPCT02020480T
Get SCNA: CPCT02020741T
Get SCNA: CPCT02011055T
Get SCNA: CPCT02010629T
Get SCNA: CPCT02050211T
Get SCNA: CPCT02150016T
Get SCNA: CPCT02020712T
Get SCNA: CPCT02070149T
Get SCNA: CPCT02010559T
Get SCNA: CPCT02230125T
Get SCNA: CPCT02130116T
Get SCNA: CPCT02020422T
Get SCNA: CPCT02070195T
Get SCNA: CPCT02020219T
Get SCNA: CPCT02010371T
Get SCNA: CPCT02050063T
Get SCNA: CPCT02250009T
Get SCNA: CPCT02080113T
Get SCNA: CPCT02080093T
Get SCNA: CPCT02120078T
Get SCNA: CPCT02050151T
Get SCNA: CPCT02210048T
Get SCNA: CPCT02330094T
Get SCNA: CPCT02010550T
Get SCNA: CPCT02230015T
Get SCNA: CPCT02100176T
Get SCNA: CPCT02390010T
Get SCNA: CPCT02011107T
Get SCNA: CPCT02010493T
Get SCNA: CPCT02030408T
Get SCNA: CPCT02060240T
Get SCNA: CPCT02010386T
Get SCNA: CPCT02030510T
Get SCNA: CPCT02090021T
Get SCNA: CPCT02050364T
Get SCNA: CPCT02040273T
Get SCNA: CPCT02330117T
Get SCNA: CPCT02010662T
Get SCNA: CPCT02070491T
Get SCNA: CPCT02010743T
Get SCNA: CPCT02080181TII
Get SCNA: CPCT02300009T
Get SCNA: CPCT02130094T
Get SCNA: CPCT02050397T
Get SCNA: CPCT02330089T
Get SCNA: CPCT02060058T
Get SCNA: CPCT02050414T
Get SCNA: CPCT02040095T
Get SCNA: CPCT02070430T
Get SCNA: CPCT02080164T
Get SCNA: CPCT02070194T
Get SCNA: CPCT02100027T
Get SCNA: CPCT02170033T
Get SCNA: CPCT02070055TII
Get SCNA: CPCT02230039T
Get SCNA: CPCT02050224T
Get SCNA: CPCT02040251T
Get SCNA: CPCT02010373T
Get SCNA: CPCT02030224T
Get SCNA: CPCT02020693T
Get SCNA: CPCT02040011T
Get SCNA: CPCT02060291T
Get SCNA: CPCT02110061T
Get SCNA: CPCT02010836T
Get SCNA: CPCT02070243T
Get SCNA: CPCT02450002T
Get SCNA: CPCT02070320T
Get SCNA: CPCT02100106T
Get SCNA: CPCT02090036T
Get SCNA: CPCT02100182T
Get SCNA: CPCT02040086T
Get SCNA: CPCT02340032T
Get SCNA: CPCT02120008T
Get SCNA: CPCT02011050T
Get SCNA: CPCT02010304T
Get SCNA: CPCT02030370T
Get SCNA: CPCT02010882T
Get SCNA: CPCT02080205T
Get SCNA: CPCT02160009T
Get SCNA: CPCT02120140T
Get SCNA: CPCT02050181T
Get SCNA: CPCT02100209T
Get SCNA: CPCT02320003T
Get SCNA: CPCT02030330T
Get SCNA: CPCT02040151T
Get SCNA: CPCT02080244T
Get SCNA: CPCT02430002T
Get SCNA: CPCT02020695T
Get SCNA: CPCT02210024T
Get SCNA: CPCT02040325T
Get SCNA: CPCT02010913T
Get SCNA: CPCT02080290T
Get SCNA: CPCT02080312T
Get SCNA: CPCT02380015T
Get SCNA: CPCT02230073T
Get SCNA: CPCT02010716T
Get SCNA: CPCT02160058T
Get SCNA: CPCT02120058T
Get SCNA: CPCT02070395T
Get SCNA: CPCT02040201T
Get SCNA: CPCT02090034T
Get SCNA: CPCT02020704T
Get SCNA: CPCT02030296T
Get SCNA: CPCT02010572T
Get SCNA: CPCT02020651T
Get SCNA: CPCT02180037T
Get SCNA: CPCT02010530T
Get SCNA: CPCT02330080T
Get SCNA: CPCT02020293T
Get SCNA: CPCT02060023T
Get SCNA: CPCT02010451T
Get SCNA: CPCT02100151T
Get SCNA: CPCT02120063T
Get SCNA: CPCT02070107T
Get SCNA: CPCT02060242T
Get SCNA: CPCT02050250T
Get SCNA: CPCT02090003T
Get SCNA: CPCT02330016T
Get SCNA: CPCT02030271T
Get SCNA: CPCT02060089T
Get SCNA: CPCT02030398T
Get SCNA: CPCT02030509T
Get SCNA: CPCT02220001T
Get SCNA: CPCT02070388T
Get SCNA: CPCT02020277TII
Get SCNA: CPCT02270045T
Get SCNA: CPCT02010532T
Get SCNA: CPCT02050370T
Get SCNA: CPCT02070271T
Get SCNA: CPCT02010653T
Get SCNA: CPCT02060289T
Get SCNA: CPCT02180051T
Get SCNA: CPCT02130064T
Get SCNA: CPCT02030507T
Get SCNA: CPCT02060073T
Get SCNA: CPCT02180048T
Get SCNA: CPCT02010289T
Get SCNA: CPCT02080188T
Get SCNA: CPCT02130200T
Get SCNA: CPCT02020658T
Get SCNA: CPCT02010760T
Get SCNA: CPCT02120005T
Get SCNA: CPCT02020812T
Get SCNA: CPCT02010607T
Get SCNA: CPCT02140040T
Get SCNA: CPCT02090028T
Get SCNA: CPCT02011029T
Get SCNA: CPCT02010267TIII
Get SCNA: CPCT02340048T
Get SCNA: CPCT02030340T
Get SCNA: CPCT02010288T
Get SCNA: CPCT02020879T
Get SCNA: CPCT02010469T
Get SCNA: CPCT02010895T
Get SCNA: CPCT02080243T
Get SCNA: CPCT02010003T
Get SCNA: CPCT02040040T
Get SCNA: CPCT02020614T
Get SCNA: CPCT02010585T
Get SCNA: CPCT02070367T
Get SCNA: CPCT02330015T
Get SCNA: CPCT02020589T
Get SCNA: CPCT02050287T
Get SCNA: CPCT02030550T
Get SCNA: CPCT02230021T
Get SCNA: CPCT02110039T
Get SCNA: CPCT02020656TII
Get SCNA: CPCT02060045T
Get SCNA: CPCT02160012T
Get SCNA: CPCT02370003T
Get SCNA: CPCT02080251T
Get SCNA: CPCT02040198T
Get SCNA: CPCT02020789T
Get SCNA: CPCT02010875T
Get SCNA: CPCT02040138T
Get SCNA: CPCT02050251T
Get SCNA: CPCT02070405T
Get SCNA: CPCT02080228T
Get SCNA: CPCT02110063T
Get SCNA: CPCT02140085T
Get SCNA: CPCT02040121T
Get SCNA: CPCT02070049T
Get SCNA: CPCT02140020T
Get SCNA: CPCT02110003T
Get SCNA: CPCT02180042T
Get SCNA: CPCT02070358T
Get SCNA: CPCT02011004T
Get SCNA: CPCT02100079T
Get SCNA: CPCT02060046T
Get SCNA: CPCT02020817T
Get SCNA: CPCT02070217T
Get SCNA: CPCT02040050T
Get SCNA: CPCT02010614T
Get SCNA: CPCT02011015T
Get SCNA: CPCT02010299T
Get SCNA: CPCT02020545T
Get SCNA: CPCT02080303T
Get SCNA: CPCT02070064TIII
Get SCNA: CPCT02020587T
Get SCNA: CPCT02010704T
Get SCNA: CPCT02010276T
Get SCNA: CPCT02020298T
Get SCNA: CPCT02080123T
Get SCNA: CPCT02021002T
Get SCNA: CPCT02060237T
Get SCNA: CPCT02150030T
Get SCNA: CPCT02130019T
Get SCNA: CPCT02140041TIII
Get SCNA: CPCT02080080T
Get SCNA: CPCT02130131T
Get SCNA: CPCT02440033T
Get SCNA: CPCT02020412T
Get SCNA: CPCT02011046T
Get SCNA: CPCT02140095T
Get SCNA: CPCT02210004T
Get SCNA: CPCT02080006T
Get SCNA: CPCT02170037T
Get SCNA: CPCT02330059T
Get SCNA: CPCT02130189T
Get SCNA: CPCT02120132T
Get SCNA: CPCT02140026T
Get SCNA: CPCT02020449T
Get SCNA: CPCT02020790T
Get SCNA: CPCT02300004T
Get SCNA: CPCT02040144T
Get SCNA: CPCT02070131T
Get SCNA: CPCT02040286T
Get SCNA: CPCT02230102T
Get SCNA: CPCT02030363T
Get SCNA: CPCT02060063T
Get SCNA: CPCT02120136T
Get SCNA: CPCT02020401T
Get SCNA: CPCT02340014T
Get SCNA: CPCT02120013T
Get SCNA: CPCT02030246TII
Get SCNA: CPCT02010801T
Get SCNA: CPCT02270023T
Get SCNA: CPCT02020319T
Get SCNA: CPCT02010687T
Get SCNA: CPCT02120168T
Get SCNA: CPCT02340074T
Get SCNA: CPCT02310004T
Get SCNA: CPCT02080300T
Get SCNA: CPCT02050133T
Get SCNA: CPCT02110004T
Get SCNA: CPCT02380007T
Get SCNA: CPCT02290067T
Get SCNA: CPCT02100135T
Get SCNA: CPCT02220027T
Get SCNA: CPCT02070360T
Get SCNA: CPCT02050371T
Get SCNA: CPCT02020910T
Get SCNA: CPCT02100001TII
Get SCNA: CPCT02080071T
Get SCNA: CPCT02140059T
Get SCNA: CPCT02060221T
Get SCNA: CPCT02011002T
Get SCNA: CPCT02120021T
Get SCNA: CPCT02300048T
Get SCNA: CPCT02240009T
Get SCNA: CPCT02340037T
Get SCNA: CPCT02120040T
Get SCNA: CPCT02070459T
Get SCNA: CPCT02360011T
Get SCNA: CPCT02010711T
Get SCNA: CPCT02011079T
Get SCNA: CPCT02100170T
Get SCNA: CPCT02020506T
Get SCNA: CPCT02030399T
Get SCNA: CPCT02030414T
Get SCNA: CPCT02030299T
Get SCNA: CPCT02190045T
Get SCNA: CPCT02230087T
Get SCNA: CPCT02100152T
Get SCNA: CPCT02120199T
Get SCNA: CPCT02040255T
Get SCNA: CPCT02050114T
Get SCNA: CPCT02080005T
Get SCNA: CPCT02120097T
Get SCNA: CPCT02040343T
Get SCNA: CPCT02230101T
Get SCNA: CPCT02020608T
Get SCNA: CPCT02020502T
Get SCNA: CPCT02220043T
Get SCNA: CPCT02140052T
Get SCNA: CPCT02050376T
Get SCNA: CPCT02020972T
Get SCNA: CPCT02050074T
Get SCNA: CPCT02330084T
Get SCNA: CPCT02150002T
Get SCNA: CPCT02020267TIII
Get SCNA: CPCT02090006T
Get SCNA: CPCT02230130T
Get SCNA: CPCT02020721T
Get SCNA: CPCT02080042T
Get SCNA: CPCT02030519T
Get SCNA: CPCT02210037T
Get SCNA: CPCT02040292T
Get SCNA: CPCT02080143T
Get SCNA: CPCT02110069T
Get SCNA: CPCT02050096T
Get SCNA: CPCT02270031T
Get SCNA: CPCT02130203T
Get SCNA: CPCT02180009T
Get SCNA: CPCT02120011T
Get SCNA: CPCT02050427T
Get SCNA: CPCT02080174T
Get SCNA: CPCT02030339T
Get SCNA: CPCT02070487T
Get SCNA: CPCT02250007T
Get SCNA: CPCT02070275T
Get SCNA: CPCT02020637T
Get SCNA: CPCT02010878T
Get SCNA: CPCT02050445T
Get SCNA: CPCT02140041T
Get SCNA: CPCT02270018T
Get SCNA: CPCT02050352T
Get SCNA: CPCT02060033T
Get SCNA: CPCT02080314T
Get SCNA: CPCT02010624T
Get SCNA: CPCT02011011T
Get SCNA: CPCT02020824T
Get SCNA: CPCT02030383T
Get SCNA: CPCT02110016T
Get SCNA: CPCT02130024T
Get SCNA: CPCT02080112T
Get SCNA: CPCT02070237T
Get SCNA: CPCT02320010T
Get SCNA: CPCT02090038T
Get SCNA: CPCT02050143T
Get SCNA: CPCT02010419T
Get SCNA: CPCT02010647T
Get SCNA: CPCT02020828T
Get SCNA: CPCT02040123T
Get SCNA: CPCT02120031T
Get SCNA: CPCT02010604T
Get SCNA: CPCT02070433T
Get SCNA: CPCT02120087T
Get SCNA: CPCT02010828T
Get SCNA: CPCT02300049T
Get SCNA: CPCT02180055T
Get SCNA: CPCT02020442T
Get SCNA: CPCT02110018T
Get SCNA: CPCT02030319T
Get SCNA: CPCT02080036T
Get SCNA: CPCT02020830T
Get SCNA: CPCT02450003T
Get SCNA: CPCT02010839T
Get SCNA: CPCT02080223T
Get SCNA: CPCT02300040T
Get SCNA: CPCT02030265TII
Get SCNA: CPCT02010543T
Get SCNA: CPCT02120041T
Get SCNA: CPCT02050049T
Get SCNA: CPCT02010288TII
Get SCNA: CPCT02010852T
Get SCNA: CPCT02050342T
Get SCNA: CPCT02010654T
Get SCNA: CPCT02080125T
Get SCNA: CPCT02080255T
Get SCNA: CPCT02100033T
Get SCNA: CPCT02160041T
Get SCNA: CPCT02300028T
Get SCNA: CPCT02120057T
Get SCNA: CPCT02020519T
Get SCNA: CPCT02090018T
Get SCNA: CPCT02090004T
Get SCNA: CPCT02050439T
Get SCNA: CPCT02130093T
Get SCNA: CPCT02030488T
Get SCNA: CPCT02010474T
Get SCNA: CPCT02240005T
Get SCNA: CPCT02060107T
Get SCNA: CPCT02070032T
Get SCNA: CPCT02390022T
Get SCNA: CPCT02230036T
Get SCNA: CPCT02030289TIII
Get SCNA: CPCT02120152T
Get SCNA: CPCT02460002T
Get SCNA: CPCT02340080T
Get SCNA: CPCT02180043T
Get SCNA: CPCT02060257T
Get SCNA: CPCT02020593T
Get SCNA: CPCT02380018T
Get SCNA: CPCT02020703T
Get SCNA: CPCT02070204T
Get SCNA: CPCT02010886T
Get SCNA: CPCT02010538T
Get SCNA: CPCT02200012T
Get SCNA: CPCT02070188T
Get SCNA: CPCT02140105T
Get SCNA: CPCT02140038T
Get SCNA: CPCT02130103T
Get SCNA: CPCT02290045T
Get SCNA: CPCT02030377T
Get SCNA: CPCT02100013T
Get SCNA: CPCT02011089T
Get SCNA: CPCT02120164T
Get SCNA: CPCT02290023T
Get SCNA: CPCT02011058T
Get SCNA: CPCT02020586T
Get SCNA: CPCT02011000T
Get SCNA: CPCT02290006T
Get SCNA: CPCT02011012T
Get SCNA: CPCT02140053T
Get SCNA: CPCT02050045T
Get SCNA: CPCT02190019T
Get SCNA: CPCT02380036T
Get SCNA: CPCT02050301T
Get SCNA: CPCT02070482T
Get SCNA: CPCT02130044T
Get SCNA: CPCT02160060T
Get SCNA: CPCT02020689T
Get SCNA: CPCT02070336T
Get SCNA: CPCT02050007T
Get SCNA: CPCT02340055T
Get SCNA: CPCT02020872T
Get SCNA: CPCT02040208T
Get SCNA: CPCT02040102T
Get SCNA: CPCT02040122T
Get SCNA: CPCT02030310T
Get SCNA: CPCT02340036T
Get SCNA: CPCT02330076T
Get SCNA: CPCT02060231T
Get SCNA: CPCT02090062T
Get SCNA: CPCT02040091T
Get SCNA: CPCT02110028T
Get SCNA: CPCT02060239T
Get SCNA: CPCT02010528T
Get SCNA: CPCT02260015T
Get SCNA: CPCT02070366T
Get SCNA: CPCT02050073TII
Get SCNA: CPCT02050392T
Get SCNA: CPCT02210073T
Get SCNA: CPCT02070130T
Get SCNA: CPCT02080221T
Get SCNA: CPCT02330070T
Get SCNA: CPCT02120161T
Get SCNA: CPCT02011093T
Get SCNA: CPCT02010486T
Get SCNA: CPCT02340066T
Get SCNA: CPCT02180050T
Get SCNA: CPCT02120085T
Get SCNA: CPCT02030415T
Get SCNA: CPCT02070211T
Get SCNA: CPCT02010524T
Get SCNA: CPCT02070310T
Get SCNA: CPCT02060086T
Get SCNA: CPCT02100141T
Get SCNA: CPCT02020813T
Get SCNA: CPCT02010779T
Get SCNA: CPCT02230012T
Get SCNA: CPCT02200009T
Get SCNA: CPCT02050225T
Get SCNA: CPCT02010680T
Get SCNA: CPCT02230014T
Get SCNA: CPCT02020785T
Get SCNA: CPCT02070142T
Get SCNA: CPCT02080005TII
Get SCNA: CPCT02020493T
Get SCNA: CPCT02040337T
Get SCNA: CPCT02070319T
Get SCNA: CPCT02130180T
Get SCNA: CPCT02020808T
Get SCNA: CPCT02030371T
Get SCNA: CPCT02010507T
Get SCNA: CPCT02130049T
Get SCNA: CPCT02050194T
Get SCNA: CPCT02010944T
Get SCNA: CPCT02100190T
Get SCNA: CPCT02060199T
Get SCNA: CPCT02020847T
Get SCNA: CPCT02010335T
Get SCNA: CPCT02130148T
Get SCNA: CPCT02040295T
Get SCNA: CPCT02010660T
Get SCNA: CPCT02330055T
Get SCNA: CPCT02080315T
Get SCNA: CPCT02100023T
Get SCNA: CPCT02020740T
Get SCNA: CPCT02070068T
Get SCNA: CPCT02050052TII
Get SCNA: CPCT02100026T
Get SCNA: CPCT02220037T
Get SCNA: CPCT02020810T
Get SCNA: CPCT02010674T
Get SCNA: CPCT02050070T
Get SCNA: CPCT02050309T
Get SCNA: CPCT02010969T
Get SCNA: CPCT02010841T
Get SCNA: CPCT02100055T
Get SCNA: CPCT02080152T
Get SCNA: CPCT02140054T
Get SCNA: CPCT02070050T
Get SCNA: CPCT02050387T
Get SCNA: CPCT02230002T
Get SCNA: CPCT02020764T
Get SCNA: CPCT02100147T
Get SCNA: CPCT02030467T
Get SCNA: CPCT02070080T
Get SCNA: CPCT02120080T
Get SCNA: CPCT02090039T
Get SCNA: CPCT02150048T
Get SCNA: CPCT02130067T
Get SCNA: CPCT02020947T
Get SCNA: CPCT02030545T
Get SCNA: CPCT02050038T
Get SCNA: CPCT02460005T
Get SCNA: CPCT02460006T
Get SCNA: CPCT02020775T
Get SCNA: CPCT02020832T
Get SCNA: CPCT02030275T
Get SCNA: CPCT02120050T
Get SCNA: CPCT02030307T
Get SCNA: CPCT02100161T
Get SCNA: CPCT02070270T
Get SCNA: CPCT02160036T
Get SCNA: CPCT02020516T
Get SCNA: CPCT02010461T
Get SCNA: CPCT02140028T
Get SCNA: CPCT02020358T
Get SCNA: CPCT02390020T
Get SCNA: CPCT02290001T
Get SCNA: CPCT02210003T
Get SCNA: CPCT02050046T
Get SCNA: CPCT02070264T
Get SCNA: CPCT02050018T
Get SCNA: CPCT02140015T
Get SCNA: CPCT02080127T
Get SCNA: CPCT02011056T
Get SCNA: CPCT02020407T
Get SCNA: CPCT02020611T
Get SCNA: CPCT02040141T
Get SCNA: CPCT02070190T
Get SCNA: CPCT02290035T
Get SCNA: CPCT02010503TII
Get SCNA: CPCT02020886T
Get SCNA: CPCT02180078T
Get SCNA: CPCT02170007T
Get SCNA: CPCT02210065T
Get SCNA: CPCT02060104T
Get SCNA: CPCT02380049T
Get SCNA: CPCT02020382T
Get SCNA: CPCT02140098T
Get SCNA: CPCT02040164T
Get SCNA: CPCT02020752T
Get SCNA: CPCT02050239T
Get SCNA: CPCT02020758T
Get SCNA: CPCT02020902T
Get SCNA: CPCT02130156T
Get SCNA: CPCT02080014T
Get SCNA: CPCT02050104T
Get SCNA: CPCT02070312T
Get SCNA: CPCT02020267TII
Get SCNA: CPCT02110091T
Get SCNA: CPCT02040307T
Get SCNA: CPCT02340039T
Get SCNA: CPCT02300029T
Get SCNA: CPCT02070473T
Get SCNA: CPCT02010890T
Get SCNA: CPCT02330098T
Get SCNA: CPCT02020719T
Get SCNA: CPCT02010037T
Get SCNA: CPCT02190026T
Get SCNA: CPCT02050232T
Get SCNA: CPCT02011074T
Get SCNA: CPCT02030243T
Get SCNA: CPCT02060093T
Get SCNA: CPCT02050360T
Get SCNA: CPCT02040165T
Get SCNA: CPCT02190058T
Get SCNA: CPCT02060272T
Get SCNA: CPCT02330035T
Get SCNA: CPCT02180053T
Get SCNA: CPCT02080111T
Get SCNA: CPCT02060051T
Get SCNA: CPCT02160024T
Get SCNA: CPCT02330051T
Get SCNA: CPCT02040072T
Get SCNA: CPCT02340066TIII
Get SCNA: CPCT02011072T
Get SCNA: CPCT02230089T
Get SCNA: CPCT02050259T
Get SCNA: CPCT02020326T
Get SCNA: CPCT02070058T
Get SCNA: CPCT02290044T
Get SCNA: CPCT02020619T
Get SCNA: CPCT02070174T
Get SCNA: CPCT02380013T
Get SCNA: CPCT02110090T
Get SCNA: CPCT02070021T
Get SCNA: CPCT02070038T
Get SCNA: CPCT02080069T
Get SCNA: CPCT02150046T
Get SCNA: CPCT02020852T
Get SCNA: CPCT02010506T
Get SCNA: CPCT02020895TII
Get SCNA: CPCT02380039T
Get SCNA: CPCT02020955T
Get SCNA: CPCT02360009T
Get SCNA: CPCT02360014T
Get SCNA: CPCT02180070T
Get SCNA: CPCT02030450T
Get SCNA: CPCT02070444TII
Get SCNA: CPCT02020765T
Get SCNA: CPCT02040298T
Get SCNA: CPCT02340011T
Get SCNA: CPCT02030531T
Get SCNA: CPCT02120121T
Get SCNA: CPCT02050285T
Get SCNA: CPCT02050437T
Get SCNA: CPCT02300046T
Get SCNA: CPCT02230118T
Get SCNA: CPCT02011009T
Get SCNA: CPCT02050412T
Get SCNA: CPCT02380032T
Get SCNA: CPCT02050424T
Get SCNA: CPCT02050440T
Get SCNA: CPCT02060254T
Get SCNA: CPCT02030272T
Get SCNA: CPCT02011035T
Get SCNA: CPCT02010262T
Get SCNA: CPCT02040106T
Get SCNA: CPCT02330023T
Get SCNA: CPCT02030347T
Get SCNA: CPCT02300033T
Get SCNA: CPCT02330072T
Get SCNA: CPCT02140110T
Get SCNA: CPCT02010635T
Get SCNA: CPCT02070253T
Get SCNA: CPCT02210067T
Get SCNA: CPCT02100132T
Get SCNA: CPCT02170014T
Get SCNA: CPCT02090031T
Get SCNA: CPCT02040127T
Get SCNA: CPCT02010492T
Get SCNA: CPCT02030373T
Get SCNA: CPCT02030471T
Get SCNA: CPCT02160061T
Get SCNA: CPCT02040353T
Get SCNA: CPCT02050254T
Get SCNA: CPCT02040223T
Get SCNA: CPCT02040207T
Get SCNA: CPCT02020691T
Get SCNA: CPCT02070128T
Get SCNA: CPCT02080053T
Get SCNA: CPCT02030458T
Get SCNA: CPCT02020310T
Get SCNA: CPCT02370002T
Get SCNA: CPCT02380052T
Get SCNA: CPCT02020592T
Get SCNA: CPCT02020683T
Get SCNA: CPCT02030546T
Get SCNA: CPCT02470003T
Get SCNA: CPCT02060118T
Get SCNA: CPCT02050043T
Get SCNA: CPCT02020540T
Get SCNA: CPCT02340058T
Get SCNA: CPCT02030375T
Get SCNA: CPCT02110032T
Get SCNA: CPCT02290064T
Get SCNA: CPCT02240010T
Get SCNA: CPCT02010840T
Get SCNA: CPCT02100013TII
Get SCNA: CPCT02060160T
Get SCNA: CPCT02230030T
Get SCNA: CPCT02260001T
Get SCNA: CPCT02020421T
Get SCNA: CPCT02310011T
Get SCNA: CPCT02080045T
Get SCNA: CPCT02100011T
Get SCNA: CPCT02050093T
Get SCNA: CPCT02050218T
Get SCNA: CPCT02180038T
Get SCNA: CPCT02070345T
Get SCNA: CPCT02020508T
Get SCNA: CPCT02020341T
Get SCNA: CPCT02160034T
Get SCNA: CPCT02050389T
Get SCNA: CPCT02370025T
Get SCNA: CPCT02070233T
Get SCNA: CPCT02100057T
Get SCNA: CPCT02050227T
Get SCNA: CPCT02440021T
Get SCNA: CPCT02310021T
Get SCNA: CPCT02070399T
Get SCNA: CPCT02070282T
Get SCNA: CPCT02090026T
Get SCNA: CPCT02030479T
Get SCNA: CPCT02021008T
Get SCNA: CPCT02020438T
Get SCNA: CPCT02080259T
Get SCNA: CPCT02020692T
Get SCNA: CPCT02010393T
Get SCNA: CPCT02050147T
Get SCNA: CPCT02010980T
Get SCNA: CPCT02020201T
Get SCNA: CPCT02050236T
Get SCNA: CPCT02100084T
Get SCNA: CPCT02050310T
Get SCNA: CPCT02030354T
Get SCNA: CPCT02020417T
Get SCNA: CPCT02010721T
Get SCNA: CPCT02330029T
Get SCNA: CPCT02050395T
Get SCNA: CPCT02100049T
Get SCNA: CPCT02230056T
Get SCNA: CPCT02010885T
Get SCNA: CPCT02030213T
Get SCNA: CPCT02030443T
Get SCNA: CPCT02290033T
Get SCNA: CPCT02030520T
Get SCNA: CPCT02010050T
Get SCNA: CPCT02060156T
Get SCNA: CPCT02020424T
Get SCNA: CPCT02040245T
Get SCNA: CPCT02040225T
Get SCNA: CPCT02060070T
Get SCNA: CPCT02310019T
Get SCNA: CPCT02080269T
Get SCNA: CPCT02210009T
Get SCNA: CPCT02100206T
Get SCNA: CPCT02120056T
Get SCNA: CPCT02300026T
Get SCNA: CPCT02160051T
Get SCNA: CPCT02020434T
Get SCNA: CPCT02070096T
Get SCNA: CPCT02330124T
Get SCNA: CPCT02020894T
Get SCNA: CPCT02300021T
Get SCNA: CPCT02120110T
Get SCNA: CPCT02120014T
Get SCNA: CPCT02010866T
Get SCNA: CPCT02040191T
Get SCNA: CPCT02410001T
Get SCNA: CPCT02440027T
Get SCNA: CPCT02010901T
Get SCNA: CPCT02460001T
Get SCNA: CPCT02020568T
Get SCNA: CPCT02140094T
Get SCNA: CPCT02060166T
Get SCNA: CPCT02330138T
Get SCNA: CPCT02130152T
Get SCNA: CPCT02080175T
Get SCNA: CPCT02020215T
Get SCNA: CPCT02050421T
Get SCNA: CPCT02010334T
Get SCNA: CPCT02020278T
Get SCNA: CPCT02090009T
Get SCNA: CPCT02030365T
Get SCNA: CPCT02070441T
Get SCNA: CPCT02020186T
Get SCNA: CPCT02040156T
Get SCNA: CPCT02020213T
Get SCNA: CPCT02011086T
Get SCNA: CPCT02230032T
Get SCNA: CPCT02020287T
Get SCNA: CPCT02180045T
Get SCNA: CPCT02020853T
Get SCNA: CPCT02070147TII
Get SCNA: CPCT02010857T
Get SCNA: CPCT02110088T
Get SCNA: CPCT02100091T
Get SCNA: CPCT02330043T
Get SCNA: CPCT02380014T
Get SCNA: CPCT02010726T
Get SCNA: CPCT02170016T
Get SCNA: CPCT02010535T
Get SCNA: CPCT02050057T
Get SCNA: CPCT02060274T
Get SCNA: CPCT02020760T
Get SCNA: CPCT02070352T
Get SCNA: CPCT02020337T
Get SCNA: CPCT02390026T
Get SCNA: CPCT02230016T
Get SCNA: CPCT02030421T
Get SCNA: CPCT02220022T
Get SCNA: CPCT02030326T
Get SCNA: CPCT02340019T
Get SCNA: CPCT02070161T
Get SCNA: CPCT02100178T
Get SCNA: CPCT02070007T
Get SCNA: CPCT02270006T
Get SCNA: CPCT02080107T
Get SCNA: CPCT02040070T
Get SCNA: CPCT02040306T
Get SCNA: CPCT02170006T
Get SCNA: CPCT02050337T
Get SCNA: CPCT02030451T
Get SCNA: CPCT02100037T
Get SCNA: CPCT02050332T
Get SCNA: CPCT02100139T
Get SCNA: CPCT02020628T
Get SCNA: CPCT02020347T
Get SCNA: CPCT02100072T
Get SCNA: CPCT02060182T
Get SCNA: CPCT02050351T
Get SCNA: CPCT02090027T
Get SCNA: CPCT02340106T
Get SCNA: CPCT02160040T
Get SCNA: CPCT02120032T
Get SCNA: CPCT02390030T
Get SCNA: CPCT02080126T
Get SCNA: CPCT02230033T
Get SCNA: CPCT02040007T
Get SCNA: CPCT02390035T
Get SCNA: CPCT02070187T
Get SCNA: CPCT02160027T
Get SCNA: CPCT02410017T
Get SCNA: CPCT02020376T
Get SCNA: CPCT02230022T
Get SCNA: CPCT02190027T
Get SCNA: CPCT02020238T
Get SCNA: CPCT02380021T
Get SCNA: CPCT02130139T
Get SCNA: CPCT02100200T
Get SCNA: CPCT02050004T
Get SCNA: CPCT02210044T
Get SCNA: CPCT02050021T
Get SCNA: CPCT02070490T
Get SCNA: CPCT02290038T
Get SCNA: CPCT02010900T
Get SCNA: CPCT02020322T
Get SCNA: CPCT02070159T
Get SCNA: CPCT02290028T
Get SCNA: CPCT02100090T
Get SCNA: CPCT02160003T
Get SCNA: CPCT02060105T
Get SCNA: CPCT02010702T
Get SCNA: CPCT02010458T
Get SCNA: CPCT02011038T
Get SCNA: CPCT02110041T
Get SCNA: CPCT02140044T
Get SCNA: CPCT02080287T
Get SCNA: CPCT02070389T
Get SCNA: CPCT02380034T
Get SCNA: CPCT02180008T
Get SCNA: CPCT02140085TII
Get SCNA: CPCT02080073T
Get SCNA: CPCT02010441T
Get SCNA: CPCT02170039T
Get SCNA: CPCT02020598T
Get SCNA: CPCT02010238T
Get SCNA: CPCT02050411T
Get SCNA: CPCT02020243T
Get SCNA: CPCT02130190T
Get SCNA: CPCT02010031T
Get SCNA: CPCT02020667T
Get SCNA: CPCT02020195T
Get SCNA: CPCT02150052T
Get SCNA: CPCT02100105T
Get SCNA: CPCT02020394T
Get SCNA: CPCT02080139T
Get SCNA: CPCT02010397T
Get SCNA: CPCT02020796T
Get SCNA: CPCT02011010T
Get SCNA: CPCT02080078TII
Get SCNA: CPCT02140025T
Get SCNA: CPCT02120020T
Get SCNA: CPCT02011008T
Get SCNA: CPCT02180067T
Get SCNA: CPCT02100205T
Get SCNA: CPCT02210056T
Get SCNA: CPCT02050149T
Get SCNA: CPCT02050327T
Get SCNA: CPCT02050105T
Get SCNA: CPCT02030325T
Get SCNA: CPCT02210027T
Get SCNA: CPCT02010884T
Get SCNA: CPCT02180057T
Get SCNA: CPCT02100131T
Get SCNA: CPCT02020988T
Get SCNA: CPCT02130050T
Get SCNA: CPCT02270049T
Get SCNA: CPCT02090023T
Get SCNA: CPCT02040173T
Get SCNA: CPCT02120138T
Get SCNA: CPCT02020610T
Get SCNA: CPCT02010622T
Get SCNA: CPCT02080321T
Get SCNA: CPCT02070425T
Get SCNA: CPCT02010825T
Get SCNA: CPCT02070398T
Get SCNA: CPCT02040290T
Get SCNA: CPCT02010781T
Get SCNA: CPCT02070009T
Get SCNA: CPCT02040220T
Get SCNA: CPCT02390001T
Get SCNA: CPCT02040169T
Get SCNA: CPCT02020997T
Get SCNA: CPCT02220044T
Get SCNA: CPCT02020736T
Get SCNA: CPCT02020475T
Get SCNA: CPCT02010838T
Get SCNA: CPCT02010606T
Get SCNA: CPCT02040047T
Get SCNA: CPCT02020385T
Get SCNA: CPCT02250001T
Get SCNA: CPCT02050354T
Get SCNA: CPCT02080106T
Get SCNA: CPCT02080220T
Get SCNA: CPCT02270022T
Get SCNA: CPCT02040226T
Get SCNA: CPCT02080206T
Get SCNA: CPCT02380051T
Get SCNA: CPCT02010485T
Get SCNA: CPCT02180005T
Get SCNA: CPCT02010735T
Get SCNA: CPCT02040008T
Get SCNA: CPCT02210075T
Get SCNA: CPCT02210020T
Get SCNA: CPCT02230058T
Get SCNA: CPCT02100165T
Get SCNA: CPCT02080049T
Get SCNA: CPCT02380009T
Get SCNA: CPCT02030495T
Get SCNA: CPCT02030270T
Get SCNA: CPCT02320008T
Get SCNA: CPCT02040248T
Get SCNA: CPCT02100184T
Get SCNA: CPCT02010504T
Get SCNA: CPCT02050294T
Get SCNA: CPCT02070415T
Get SCNA: CPCT02120096T
Get SCNA: CPCT02030265T
Get SCNA: CPCT02340050T
Get SCNA: CPCT02010765T
Get SCNA: CPCT02270046T
Get SCNA: CPCT02070468T
Get SCNA: CPCT02190014T
Get SCNA: CPCT02120137T
Get SCNA: CPCT02020597T
Get SCNA: CPCT02020861T
Get SCNA: CPCT02220047T
Get SCNA: CPCT02330123T
Get SCNA: CPCT02110076T
Get SCNA: CPCT02020837TII
Get SCNA: CPCT02060108T
Get SCNA: CPCT02050282T
Get SCNA: CPCT02040250T
Get SCNA: CPCT02010574T
Get SCNA: CPCT02290057T
Get SCNA: CPCT02360012T
Get SCNA: CPCT02360016T
Get SCNA: CPCT02220054T
Get SCNA: CPCT02040013T
Get SCNA: CPCT02010676T
Get SCNA: CPCT02120070T
Get SCNA: CPCT02050128T
Get SCNA: CPCT02330135T
Get SCNA: CPCT02340017T
Get SCNA: CPCT02220025T
Get SCNA: CPCT02010878TII
Get SCNA: CPCT02010791T
Get SCNA: CPCT02100086T
Get SCNA: CPCT02010747T
Get SCNA: CPCT02340108T
Get SCNA: CPCT02010824T
Get SCNA: CPCT02060053T
Get SCNA: CPCT02230074T
Get SCNA: CPCT02330058T
Get SCNA: CPCT02020362T
Get SCNA: CPCT02060037T
Get SCNA: CPCT02110036T
Get SCNA: CPCT02140042TII
